#
# A fatal error has been detected by the Java Runtime Environment:
#
#  SIGSEGV (0xb) at pc=0x00007fff885cf23e, pid=926, tid=56579
#
# JRE version: Java(TM) SE Runtime Environment (8.0_60-b27) (build 1.8.0_60-b27)
# Java VM: Java HotSpot(TM) 64-Bit Server VM (25.60-b23 mixed mode bsd-amd64 compressed oops)
# Problematic frame:
# C  [CoreGraphics+0x6c23e]  blt_pattern_blend_XXXX32+0xbd
#
# Failed to write core dump. Core dumps have been disabled. To enable core dumping, try "ulimit -c unlimited" before starting Java again
#
# If you would like to submit a bug report, please visit:
#   http://bugreport.java.com/bugreport/crash.jsp
# The crash happened outside the Java Virtual Machine in native code.
# See problematic frame for where to report the bug.
#

---------------  T H R E A D  ---------------

Current thread (0x00007fe22c9ab800):  JavaThread "AWT-EventQueue-0" [_thread_in_native, id=56579, stack(0x00000001369a0000,0x0000000136aa0000)]

siginfo: si_signo: 11 (SIGSEGV), si_code: 1 (SEGV_MAPERR), si_addr: 0x000000012d784014

Registers:
RAX=0x0000000000000000, RBX=0x0000000000000000, RCX=0x000000000000000a, RDX=0x00007fe22cb50314
RSP=0x0000000136a98ca0, RBP=0x0000000136a98d50, RSI=0x0000000000000013, RDI=0x0000000000000122
R8 =0x0000000000000004, R9 =0x0000000000000008, R10=0x0000000000000000, R11=0x0000000000000000
R12=0x000000012d784014, R13=0x000000000000012c, R14=0x0000000000000018, R15=0x0000000000000122
RIP=0x00007fff885cf23e, EFLAGS=0x0000000000010202, ERR=0x0000000000000004
  TRAPNO=0x000000000000000e

Top of Stack: (sp=0x0000000136a98ca0)
0x0000000136a98ca0:   0000000000000004 000000000000000a
0x0000000136a98cb0:   0000000000000013 0000000000000004
0x0000000136a98cc0:   0000000000000122 00007fe22d0e07f0
0x0000000136a98cd0:   0000000000000000 0000000000000000
0x0000000136a98ce0:   0000000000000015 fffffffffffffb60
0x0000000136a98cf0:   0000000000000020 000000012d785328
0x0000000136a98d00:   000000012d784028 fffffffffffffb40
0x0000000136a98d10:   0000000000000001 00000001350f6000
0x0000000136a98d20:   ea00bdf4b46ab380 000000012d784014
0x0000000136a98d30:   0000000000000002 000000000000012c
0x0000000136a98d40:   000000012d784014 0000000000000122
0x0000000136a98d50:   0000000136a98e00 00007fff885ceee0
0x0000000136a98d60:   000000012d784014 0000000000000020
0x0000000136a98d70:   0000000000000000 0000000000000000
0x0000000136a98d80:   0000000000000018 000000130000012c
0x0000000136a98d90:   0000000000000001 0000000000000000
0x0000000136a98da0:   00007fff7642cb48 00007fff88a75e63
0x0000000136a98db0:   0000000000000122 0000000000000013
0x0000000136a98dc0:   00007fe22af4b0e0 0000000000000000
0x0000000136a98dd0:   0000000000000008 000000000000012c
0x0000000136a98de0:   0000000000000002 000000000000012c
0x0000000136a98df0:   000000012d784014 0000000000000122
0x0000000136a98e00:   0000000136a9a200 00007fff885a86a5
0x0000000136a98e10:   000000012d784014 0000000000000020
0x0000000136a98e20:   0000000000000000 0000000000000000
0x0000000136a98e30:   00007fe22d973314 0000000100000000
0x0000000136a98e40:   0000000000000000 00007fe22d0b8b70
0x0000000136a98e50:   0000000000000007 fffffffffffffda0
0x0000000136a98e60:   000000000000012c fffffffffffffdc0
0x0000000136a98e70:   0000000000000000 0000000000000013
0x0000000136a98e80:   000000012d784014 0000000000000008
0x0000000136a98e90:   00007fe22cb50314 0000000100000000 

Instructions: (pc=0x00007fff885cf23e)
0x00007fff885cf21e:   16 49 ff c3 48 83 c2 04 4d 39 cb b8 00 00 00 00
0x00007fff885cf22e:   4c 0f 4d d8 49 ff cf f6 c2 0f 74 7d 4b 8d 04 13
0x00007fff885cf23e:   45 8b 04 84 c4 c2 0b f7 f8 81 e7 ff 00 00 00 74
0x00007fff885cf24e:   d0 81 ff ff 00 00 00 75 05 44 89 02 eb c3 8b 02 

Register to memory mapping:

RAX=0x0000000000000000 is an unknown value
RBX=0x0000000000000000 is an unknown value
RCX=0x000000000000000a is an unknown value
RDX=0x00007fe22cb50314 is an unknown value
RSP=0x0000000136a98ca0 is pointing into the stack for thread: 0x00007fe22c9ab800
RBP=0x0000000136a98d50 is pointing into the stack for thread: 0x00007fe22c9ab800
RSI=0x0000000000000013 is an unknown value
RDI=0x0000000000000122 is an unknown value
R8 =0x0000000000000004 is an unknown value
R9 =0x0000000000000008 is an unknown value
R10=0x0000000000000000 is an unknown value
R11=0x0000000000000000 is an unknown value
R12=0x000000012d784014 is an unknown value
R13=0x000000000000012c is an unknown value
R14=0x0000000000000018 is an unknown value
R15=0x0000000000000122 is an unknown value


Stack: [0x00000001369a0000,0x0000000136aa0000],  sp=0x0000000136a98ca0,  free space=995k
Native frames: (J=compiled Java code, j=interpreted, Vv=VM code, C=native code)
C  [CoreGraphics+0x6c23e]  blt_pattern_blend_XXXX32+0xbd
C  [CoreGraphics+0x6bee0]  blt_bitmap_blend_AXXX32+0x5c
C  [CoreGraphics+0x456a5]  argb32_mark+0x2410
C  [CoreGraphics+0x31ba7]  argb32_image+0x887
C  [libRIP.A.dylib+0xec9d]  ripl_Mark+0x17
C  [libRIP.A.dylib+0xec3c]  RIPLayerBltImage+0x47a
C  [libRIP.A.dylib+0xe591]  ripc_RenderImage+0x109
C  [libRIP.A.dylib+0x16eff]  ripc_DrawImages+0x1c7d
C  [CoreGraphics+0x6b2cb]  CGContextDrawImages+0xc0
C  [CoreUI+0x99667]  DrawThreePartImageWithOperation+0xa00
C  [CoreUI+0x98c58]  DrawThreePartElementFromRenditionWithOperation+0xe9
C  [CoreUI+0xa0ac8]  -[CUIThemeFacet _drawSpecificRenditionKey:rendition:inFrame:context:alpha:operation:isFocused:isFlipped:]+0x11f
C  [CoreUI+0xa08bb]  -[CUIThemeFacet _drawSpecificRenditionKey:inFrame:context:isFocused:isFlipped:]+0xa3
C  [CoreUI+0x9ec98]  -[CUIThemeFacet drawInFrame:isFocused:context:]+0x89
C  [CoreUI+0x3995f]  _ZN20CUICoreThemeRenderer15DrawProgressBarEPK13CUIDescriptor+0x31d
C  [CoreUI+0x35ea9]  _ZN20CUICoreThemeRenderer4DrawEPK13CUIDescriptor17CGAffineTransformR13CUIReturnInfo+0x195
C  [CoreUI+0x9391]  _ZN11CUIRenderer4DrawE6CGRectP9CGContextPK14__CFDictionaryPS5_+0x8e3
C  [CoreUI+0x45d6e]  CUIDraw+0xd9
C  [JavaRuntimeSupport+0x3cec]  -[_JRSYosemiteAndLaterRenderer draw:inContext:withBounds:]+0x144
C  [JavaRuntimeSupport+0x3866]  JRSUIControlDraw+0x3d
C  [libosxui.dylib+0x2628]  doPaintImage+0x15e
C  [libosxui.dylib+0x279c]  Java_apple_laf_JRSUIControl_paintImage+0x27
J 2779  apple.laf.JRSUIControl.paintImage([IIIJJJDDDD)I (0 bytes) @ 0x0000000112481766 [0x0000000112481640+0x126]
J 2757 C1 apple.laf.JRSUIControl.paintImage([IIIDDDD)I (222 bytes) @ 0x0000000112475294 [0x0000000112473ca0+0x15f4]
J 2759 C1 com.apple.laf.AquaPainter$AquaSingleImagePainter.createImage(IIIILjava/awt/Rectangle;Lapple/laf/JRSUIControl;Lapple/laf/JRSUIState;)Ljava/awt/Image; (85 bytes) @ 0x0000000112477d44 [0x0000000112477700+0x644]
J 2390 C1 com.apple.laf.AquaPainter$AquaSingleImagePainter$$Lambda$23.apply(Ljava/lang/Object;Ljava/lang/Object;)Ljava/lang/Object; (32 bytes) @ 0x00000001122f164c [0x00000001122f1260+0x3ec]
J 1815 C1 sun.awt.image.MultiResolutionCachedImage.getResolutionVariant(II)Ljava/awt/Image; (71 bytes) @ 0x000000011215640c [0x0000000112155900+0xb0c]
J 2116 C1 sun.awt.image.MultiResolutionCachedImage.getWidth(Ljava/awt/image/ImageObserver;)I (12 bytes) @ 0x000000011223c56c [0x000000011223c3a0+0x1cc]
J 2600 C1 sun.java2d.SunGraphics2D.drawImage(Ljava/awt/Image;IIIILjava/awt/Color;Ljava/awt/image/ImageObserver;)Z (197 bytes) @ 0x00000001123eac14 [0x00000001123eaa20+0x1f4]
J 2599 C1 sun.java2d.SunGraphics2D.drawImage(Ljava/awt/Image;IIIILjava/awt/image/ImageObserver;)Z (15 bytes) @ 0x00000001123e9a04 [0x00000001123e9900+0x104]
J 2772 C1 com.apple.laf.AquaPainter$AquaSingleImagePainter.paintFromSingleCachedImage(Ljava/awt/Graphics2D;Lapple/laf/JRSUIControl;Lapple/laf/JRSUIState;Ljava/awt/Rectangle;)V (174 bytes) @ 0x000000011247bcfc [0x000000011247a820+0x14dc]
J 2771 C1 com.apple.laf.AquaPainter$AquaSingleImagePainter.paint(Ljava/awt/Graphics2D;Lapple/laf/JRSUIState;)V (14 bytes) @ 0x000000011247a394 [0x000000011247a300+0x94]
J 2754 C1 com.apple.laf.AquaPainter.paint(Ljava/awt/Graphics;Ljava/awt/Component;IIII)V (50 bytes) @ 0x0000000112472f2c [0x0000000112472980+0x5ac]
J 2997 C1 com.apple.laf.AquaProgressBarUI.paint(Ljava/awt/Graphics;)V (105 bytes) @ 0x0000000111e3b0a4 [0x0000000111e3aae0+0x5c4]
J 2919 C1 com.apple.laf.AquaProgressBarUI.paint(Ljava/awt/Graphics;Ljavax/swing/JComponent;)V (196 bytes) @ 0x0000000111dbd16c [0x0000000111dbbd20+0x144c]
J 2705 C1 javax.swing.plaf.ComponentUI.update(Ljava/awt/Graphics;Ljavax/swing/JComponent;)V (36 bytes) @ 0x000000011243d1dc [0x000000011243caa0+0x73c]
J 2345 C1 javax.swing.JComponent.paintComponent(Ljava/awt/Graphics;)V (44 bytes) @ 0x00000001122da234 [0x00000001122d9fc0+0x274]
J 1983 C1 javax.swing.JComponent.paint(Ljava/awt/Graphics;)V (409 bytes) @ 0x00000001121ea9f4 [0x00000001121e9180+0x1874]
J 2157 C1 javax.swing.JComponent.paintChildren(Ljava/awt/Graphics;)V (669 bytes) @ 0x000000011225ce6c [0x0000000112259ac0+0x33ac]
J 1983 C1 javax.swing.JComponent.paint(Ljava/awt/Graphics;)V (409 bytes) @ 0x00000001121eae8c [0x00000001121e9180+0x1d0c]
J 2817 C1 javax.swing.JComponent.paintToOffscreen(Ljava/awt/Graphics;IIIIII)V (108 bytes) @ 0x0000000112496d04 [0x00000001124969a0+0x364]
J 3025 C1 javax.swing.RepaintManager$PaintManager.paintDoubleBuffered(Ljavax/swing/JComponent;Ljava/awt/Image;Ljava/awt/Graphics;IIII)V (294 bytes) @ 0x000000011207bdac [0x000000011207af00+0xeac]
J 2972 C1 javax.swing.RepaintManager$PaintManager.paint(Ljavax/swing/JComponent;Ljavax/swing/JComponent;Ljava/awt/Graphics;IIII)Z (189 bytes) @ 0x0000000111ebb2ac [0x0000000111eba420+0xe8c]
J 2881 C1 javax.swing.RepaintManager.paint(Ljavax/swing/JComponent;Ljavax/swing/JComponent;Ljava/awt/Graphics;IIII)V (93 bytes) @ 0x0000000111cb56cc [0x0000000111cb51e0+0x4ec]
J 2953 C1 javax.swing.JComponent._paintImmediately(IIII)V (891 bytes) @ 0x0000000112081494 [0x000000011207e140+0x3354]
J 2826 C1 javax.swing.JComponent.paintImmediately(IIII)V (155 bytes) @ 0x000000011249cb94 [0x000000011249bd80+0xe14]
J 2940 C1 javax.swing.RepaintManager$4.run()Ljava/lang/Void; (278 bytes) @ 0x0000000111da644c [0x0000000111da5da0+0x6ac]
J 2812 C1 javax.swing.RepaintManager$4.run()Ljava/lang/Object; (5 bytes) @ 0x000000011249474c [0x00000001124946c0+0x8c]
v  ~StubRoutines::call_stub
V  [libjvm.dylib+0x2eab0e]
V  [libjvm.dylib+0x34afd8]
J 806  java.security.AccessController.doPrivileged(Ljava/security/PrivilegedAction;Ljava/security/AccessControlContext;)Ljava/lang/Object; (0 bytes) @ 0x0000000111e6c915 [0x0000000111e6c840+0xd5]
J 2977 C1 javax.swing.RepaintManager.paintDirtyRegions(Ljava/util/Map;)V (196 bytes) @ 0x0000000111cc1c7c [0x0000000111cc0640+0x163c]
J 2976 C1 javax.swing.RepaintManager.paintDirtyRegions()V (50 bytes) @ 0x0000000111d4b8dc [0x0000000111d4b660+0x27c]
J 2975 C1 javax.swing.RepaintManager.prePaintDirtyRegions()V (91 bytes) @ 0x0000000111ea0eac [0x0000000111ea0880+0x62c]
J 2883 C1 javax.swing.RepaintManager$ProcessingRunnable.run()V (41 bytes) @ 0x0000000111f0f89c [0x0000000111f0f640+0x25c]
J 1795 C1 java.awt.event.InvocationEvent.dispatch()V (69 bytes) @ 0x0000000112146254 [0x0000000112146040+0x214]
J 1762 C1 java.awt.EventQueue.dispatchEventImpl(Ljava/awt/AWTEvent;Ljava/lang/Object;)V (149 bytes) @ 0x000000011212c5ec [0x000000011212ab00+0x1aec]
J 1760 C1 java.awt.EventQueue$3.run()Ljava/lang/Void; (60 bytes) @ 0x0000000112128c94 [0x0000000112128a80+0x214]
J 1759 C1 java.awt.EventQueue$3.run()Ljava/lang/Object; (5 bytes) @ 0x000000011212938c [0x0000000112129300+0x8c]
v  ~StubRoutines::call_stub
V  [libjvm.dylib+0x2eab0e]
V  [libjvm.dylib+0x34afd8]
J 806  java.security.AccessController.doPrivileged(Ljava/security/PrivilegedAction;Ljava/security/AccessControlContext;)Ljava/lang/Object; (0 bytes) @ 0x0000000111e6c915 [0x0000000111e6c840+0xd5]
J 1558 C1 java.awt.EventQueue.dispatchEvent(Ljava/awt/AWTEvent;)V (80 bytes) @ 0x0000000112060a2c [0x0000000112060080+0x9ac]
J 2737 C1 java.awt.EventDispatchThread.pumpOneEventForFilters(I)V (295 bytes) @ 0x000000011246a3fc [0x0000000112468780+0x1c7c]
j  java.awt.EventDispatchThread.pumpEventsForFilter(ILjava/awt/Conditional;Ljava/awt/EventFilter;)V+35
j  java.awt.EventDispatchThread.pumpEventsForHierarchy(ILjava/awt/Conditional;Ljava/awt/Component;)V+11
j  java.awt.EventDispatchThread.pumpEvents(ILjava/awt/Conditional;)V+4
j  java.awt.EventDispatchThread.pumpEvents(Ljava/awt/Conditional;)V+3
j  java.awt.EventDispatchThread.run()V+9
v  ~StubRoutines::call_stub
V  [libjvm.dylib+0x2eab0e]
V  [libjvm.dylib+0x2eb29c]
V  [libjvm.dylib+0x2eb448]
V  [libjvm.dylib+0x345965]
V  [libjvm.dylib+0x5612d3]
V  [libjvm.dylib+0x5629ce]
V  [libjvm.dylib+0x48343a]
C  [libsystem_pthread.dylib+0x405a]  _pthread_body+0x83
C  [libsystem_pthread.dylib+0x3fd7]  _pthread_body+0x0
C  [libsystem_pthread.dylib+0x13ed]  thread_start+0xd
C  0x0000000000000000

Java frames: (J=compiled Java code, j=interpreted, Vv=VM code)
J 2779  apple.laf.JRSUIControl.paintImage([IIIJJJDDDD)I (0 bytes) @ 0x00000001124816a4 [0x0000000112481640+0x64]
J 2757 C1 apple.laf.JRSUIControl.paintImage([IIIDDDD)I (222 bytes) @ 0x0000000112475294 [0x0000000112473ca0+0x15f4]
J 2759 C1 com.apple.laf.AquaPainter$AquaSingleImagePainter.createImage(IIIILjava/awt/Rectangle;Lapple/laf/JRSUIControl;Lapple/laf/JRSUIState;)Ljava/awt/Image; (85 bytes) @ 0x0000000112477d44 [0x0000000112477700+0x644]
J 2390 C1 com.apple.laf.AquaPainter$AquaSingleImagePainter$$Lambda$23.apply(Ljava/lang/Object;Ljava/lang/Object;)Ljava/lang/Object; (32 bytes) @ 0x00000001122f164c [0x00000001122f1260+0x3ec]
J 1815 C1 sun.awt.image.MultiResolutionCachedImage.getResolutionVariant(II)Ljava/awt/Image; (71 bytes) @ 0x000000011215640c [0x0000000112155900+0xb0c]
J 2116 C1 sun.awt.image.MultiResolutionCachedImage.getWidth(Ljava/awt/image/ImageObserver;)I (12 bytes) @ 0x000000011223c56c [0x000000011223c3a0+0x1cc]
J 2600 C1 sun.java2d.SunGraphics2D.drawImage(Ljava/awt/Image;IIIILjava/awt/Color;Ljava/awt/image/ImageObserver;)Z (197 bytes) @ 0x00000001123eac14 [0x00000001123eaa20+0x1f4]
J 2599 C1 sun.java2d.SunGraphics2D.drawImage(Ljava/awt/Image;IIIILjava/awt/image/ImageObserver;)Z (15 bytes) @ 0x00000001123e9a04 [0x00000001123e9900+0x104]
J 2772 C1 com.apple.laf.AquaPainter$AquaSingleImagePainter.paintFromSingleCachedImage(Ljava/awt/Graphics2D;Lapple/laf/JRSUIControl;Lapple/laf/JRSUIState;Ljava/awt/Rectangle;)V (174 bytes) @ 0x000000011247bcfc [0x000000011247a820+0x14dc]
J 2771 C1 com.apple.laf.AquaPainter$AquaSingleImagePainter.paint(Ljava/awt/Graphics2D;Lapple/laf/JRSUIState;)V (14 bytes) @ 0x000000011247a394 [0x000000011247a300+0x94]
J 2754 C1 com.apple.laf.AquaPainter.paint(Ljava/awt/Graphics;Ljava/awt/Component;IIII)V (50 bytes) @ 0x0000000112472f2c [0x0000000112472980+0x5ac]
J 2997 C1 com.apple.laf.AquaProgressBarUI.paint(Ljava/awt/Graphics;)V (105 bytes) @ 0x0000000111e3b0a4 [0x0000000111e3aae0+0x5c4]
J 2919 C1 com.apple.laf.AquaProgressBarUI.paint(Ljava/awt/Graphics;Ljavax/swing/JComponent;)V (196 bytes) @ 0x0000000111dbd16c [0x0000000111dbbd20+0x144c]
J 2705 C1 javax.swing.plaf.ComponentUI.update(Ljava/awt/Graphics;Ljavax/swing/JComponent;)V (36 bytes) @ 0x000000011243d1dc [0x000000011243caa0+0x73c]
J 2345 C1 javax.swing.JComponent.paintComponent(Ljava/awt/Graphics;)V (44 bytes) @ 0x00000001122da234 [0x00000001122d9fc0+0x274]
J 1983 C1 javax.swing.JComponent.paint(Ljava/awt/Graphics;)V (409 bytes) @ 0x00000001121ea9f4 [0x00000001121e9180+0x1874]
J 2157 C1 javax.swing.JComponent.paintChildren(Ljava/awt/Graphics;)V (669 bytes) @ 0x000000011225ce6c [0x0000000112259ac0+0x33ac]
J 1983 C1 javax.swing.JComponent.paint(Ljava/awt/Graphics;)V (409 bytes) @ 0x00000001121eae8c [0x00000001121e9180+0x1d0c]
J 2817 C1 javax.swing.JComponent.paintToOffscreen(Ljava/awt/Graphics;IIIIII)V (108 bytes) @ 0x0000000112496d04 [0x00000001124969a0+0x364]
J 3025 C1 javax.swing.RepaintManager$PaintManager.paintDoubleBuffered(Ljavax/swing/JComponent;Ljava/awt/Image;Ljava/awt/Graphics;IIII)V (294 bytes) @ 0x000000011207bdac [0x000000011207af00+0xeac]
J 2972 C1 javax.swing.RepaintManager$PaintManager.paint(Ljavax/swing/JComponent;Ljavax/swing/JComponent;Ljava/awt/Graphics;IIII)Z (189 bytes) @ 0x0000000111ebb2ac [0x0000000111eba420+0xe8c]
J 2881 C1 javax.swing.RepaintManager.paint(Ljavax/swing/JComponent;Ljavax/swing/JComponent;Ljava/awt/Graphics;IIII)V (93 bytes) @ 0x0000000111cb56cc [0x0000000111cb51e0+0x4ec]
J 2953 C1 javax.swing.JComponent._paintImmediately(IIII)V (891 bytes) @ 0x0000000112081494 [0x000000011207e140+0x3354]
J 2826 C1 javax.swing.JComponent.paintImmediately(IIII)V (155 bytes) @ 0x000000011249cb94 [0x000000011249bd80+0xe14]
J 2940 C1 javax.swing.RepaintManager$4.run()Ljava/lang/Void; (278 bytes) @ 0x0000000111da644c [0x0000000111da5da0+0x6ac]
J 2812 C1 javax.swing.RepaintManager$4.run()Ljava/lang/Object; (5 bytes) @ 0x000000011249474c [0x00000001124946c0+0x8c]
v  ~StubRoutines::call_stub
J 806  java.security.AccessController.doPrivileged(Ljava/security/PrivilegedAction;Ljava/security/AccessControlContext;)Ljava/lang/Object; (0 bytes) @ 0x0000000111e6c8a3 [0x0000000111e6c840+0x63]
J 2977 C1 javax.swing.RepaintManager.paintDirtyRegions(Ljava/util/Map;)V (196 bytes) @ 0x0000000111cc1c7c [0x0000000111cc0640+0x163c]
J 2976 C1 javax.swing.RepaintManager.paintDirtyRegions()V (50 bytes) @ 0x0000000111d4b8dc [0x0000000111d4b660+0x27c]
J 2975 C1 javax.swing.RepaintManager.prePaintDirtyRegions()V (91 bytes) @ 0x0000000111ea0eac [0x0000000111ea0880+0x62c]
J 2883 C1 javax.swing.RepaintManager$ProcessingRunnable.run()V (41 bytes) @ 0x0000000111f0f89c [0x0000000111f0f640+0x25c]
J 1795 C1 java.awt.event.InvocationEvent.dispatch()V (69 bytes) @ 0x0000000112146254 [0x0000000112146040+0x214]
J 1762 C1 java.awt.EventQueue.dispatchEventImpl(Ljava/awt/AWTEvent;Ljava/lang/Object;)V (149 bytes) @ 0x000000011212c5ec [0x000000011212ab00+0x1aec]
J 1760 C1 java.awt.EventQueue$3.run()Ljava/lang/Void; (60 bytes) @ 0x0000000112128c94 [0x0000000112128a80+0x214]
J 1759 C1 java.awt.EventQueue$3.run()Ljava/lang/Object; (5 bytes) @ 0x000000011212938c [0x0000000112129300+0x8c]
v  ~StubRoutines::call_stub
J 806  java.security.AccessController.doPrivileged(Ljava/security/PrivilegedAction;Ljava/security/AccessControlContext;)Ljava/lang/Object; (0 bytes) @ 0x0000000111e6c8a3 [0x0000000111e6c840+0x63]
J 1558 C1 java.awt.EventQueue.dispatchEvent(Ljava/awt/AWTEvent;)V (80 bytes) @ 0x0000000112060a2c [0x0000000112060080+0x9ac]
J 2737 C1 java.awt.EventDispatchThread.pumpOneEventForFilters(I)V (295 bytes) @ 0x000000011246a3fc [0x0000000112468780+0x1c7c]
j  java.awt.EventDispatchThread.pumpEventsForFilter(ILjava/awt/Conditional;Ljava/awt/EventFilter;)V+35
j  java.awt.EventDispatchThread.pumpEventsForHierarchy(ILjava/awt/Conditional;Ljava/awt/Component;)V+11
j  java.awt.EventDispatchThread.pumpEvents(ILjava/awt/Conditional;)V+4
j  java.awt.EventDispatchThread.pumpEvents(Ljava/awt/Conditional;)V+3
j  java.awt.EventDispatchThread.run()V+9
v  ~StubRoutines::call_stub

---------------  P R O C E S S  ---------------

Java Threads: ( => current thread )
  0x00007fe22b4c2800 JavaThread "Thread-1" [_thread_blocked, id=70683, stack(0x0000000187863000,0x0000000187963000)]
  0x00007fe22f009000 JavaThread "DestroyJavaVM" [_thread_blocked, id=4867, stack(0x000000010fa32000,0x000000010fb32000)]
  0x00007fe22e3bd800 JavaThread "TimerQueue" daemon [_thread_blocked, id=64539, stack(0x0000000194188000,0x0000000194288000)]
=>0x00007fe22c9ab800 JavaThread "AWT-EventQueue-0" [_thread_in_native, id=56579, stack(0x00000001369a0000,0x0000000136aa0000)]
  0x00007fe22c93d800 JavaThread "Java2D Disposer" daemon [_thread_blocked, id=53515, stack(0x0000000135710000,0x0000000135810000)]
  0x00007fe22c94f000 JavaThread "Java2D Queue Flusher" daemon [_thread_blocked, id=27167, stack(0x0000000134078000,0x0000000134178000)]
  0x00007fe22c916000 JavaThread "AWT-Shutdown" [_thread_blocked, id=30483, stack(0x0000000130fb7000,0x00000001310b7000)]
  0x00007fe22d87f000 JavaThread "AppKit Thread" daemon [_thread_in_native, id=1811, stack(0x00007fff4fae5000,0x00007fff502e5000)]
  0x00007fe22b051000 JavaThread "Service Thread" daemon [_thread_blocked, id=20739, stack(0x000000012f520000,0x000000012f620000)]
  0x00007fe22b046800 JavaThread "C1 CompilerThread3" daemon [_thread_blocked, id=20227, stack(0x000000012f41d000,0x000000012f51d000)]
  0x00007fe22b045800 JavaThread "C2 CompilerThread2" daemon [_thread_blocked, id=19715, stack(0x000000012f31a000,0x000000012f41a000)]
  0x00007fe22b039800 JavaThread "C2 CompilerThread1" daemon [_thread_blocked, id=19203, stack(0x000000012f217000,0x000000012f317000)]
  0x00007fe22b038000 JavaThread "C2 CompilerThread0" daemon [_thread_blocked, id=18691, stack(0x000000012f114000,0x000000012f214000)]
  0x00007fe22b045000 JavaThread "Signal Dispatcher" daemon [_thread_blocked, id=14615, stack(0x000000012f011000,0x000000012f111000)]
  0x00007fe22d81f800 JavaThread "Finalizer" daemon [_thread_blocked, id=13571, stack(0x000000012d5ed000,0x000000012d6ed000)]
  0x00007fe22d81f000 JavaThread "Reference Handler" daemon [_thread_blocked, id=13059, stack(0x000000012d4ea000,0x000000012d5ea000)]

Other Threads:
  0x00007fe22d81c000 VMThread [stack: 0x000000012d3e7000,0x000000012d4e7000] [id=12547]
  0x00007fe22c829000 WatcherThread [stack: 0x000000012f623000,0x000000012f723000] [id=21251]

VM state:not at safepoint (normal execution)

VM Mutex/Monitor currently owned by a thread: None

Heap:
 PSYoungGen      total 74752K, used 28892K [0x000000076ab00000, 0x0000000770e80000, 0x00000007c0000000)
  eden space 64000K, 28% used [0x000000076ab00000,0x000000076bccc740,0x000000076e980000)
  from space 10752K, 99% used [0x000000076eb00000,0x000000076f56a988,0x000000076f580000)
  to   space 18944K, 0% used [0x000000076fc00000,0x000000076fc00000,0x0000000770e80000)
 ParOldGen       total 87040K, used 18060K [0x00000006c0000000, 0x00000006c5500000, 0x000000076ab00000)
  object space 87040K, 20% used [0x00000006c0000000,0x00000006c11a3288,0x00000006c5500000)
 Metaspace       used 21680K, capacity 21978K, committed 22016K, reserved 1069056K
  class space    used 2706K, capacity 2816K, committed 2816K, reserved 1048576K

Card table byte_map: [0x0000000120f49000,0x000000012174a000] byte_map_base: 0x000000011d949000

Marking Bits: (ParMarkBitMap*) 0x00000001114dee20
 Begin Bits: [0x00000001224b8000, 0x00000001264b8000)
 End Bits:   [0x00000001264b8000, 0x000000012a4b8000)

Polling page: 0x000000010fb77000

CodeCache: size=245760Kb used=9521Kb max_used=9533Kb free=236238Kb
 bounds [0x0000000111b89000, 0x00000001124e9000, 0x0000000120b89000]
 total_blobs=3493 nmethods=2882 adapters=522
 compilation: enabled

Compilation events (10 events):
Event: 21.771 Thread 0x00007fe22b046800 3056       3       sun.font.FontDesignMetrics::getDescent (10 bytes)
Event: 21.771 Thread 0x00007fe22b046800 nmethod 3056 0x0000000111ee5e90 code [0x0000000111ee6000, 0x0000000111ee6190]
Event: 21.771 Thread 0x00007fe22b046800 3057       3       javax.swing.JProgressBar::paintBorder (13 bytes)
Event: 21.771 Thread 0x00007fe22b046800 nmethod 3057 0x000000011206f0d0 code [0x000000011206f260, 0x000000011206f808]
Event: 21.771 Thread 0x00007fe22b046800 3058       3       javax.swing.plaf.BorderUIResource::paintBorder (19 bytes)
Event: 21.772 Thread 0x00007fe22b046800 nmethod 3058 0x000000011206ec50 code [0x000000011206edc0, 0x000000011206efe8]
Event: 21.772 Thread 0x00007fe22b046800 3054       3       java.lang.Math::round (56 bytes)
Event: 21.772 Thread 0x00007fe22b046800 nmethod 3054 0x000000011206e810 code [0x000000011206e980, 0x000000011206ebb0]
Event: 22.796 Thread 0x00007fe22b045800 3059       4       sun.java2d.SunGraphics2D::create (8 bytes)
Event: 22.798 Thread 0x00007fe22b045800 nmethod 3059 0x000000011206b390 code [0x000000011206b500, 0x000000011206b798]

GC Heap History (10 events):
Event: 10.270 GC heap before
{Heap before GC invocations=2 (full 0):
 PSYoungGen      total 76288K, used 34073K [0x000000076ab00000, 0x0000000770000000, 0x00000007c0000000)
  eden space 65536K, 35% used [0x000000076ab00000,0x000000076c1c8660,0x000000076eb00000)
  from space 10752K, 99% used [0x000000076eb00000,0x000000076f57ddc0,0x000000076f580000)
  to   space 10752K, 0% used [0x000000076f580000,0x000000076f580000,0x0000000770000000)
 ParOldGen       total 175104K, used 6229K [0x00000006c0000000, 0x00000006cab00000, 0x000000076ab00000)
  object space 175104K, 3% used [0x00000006c0000000,0x00000006c0615520,0x00000006cab00000)
 Metaspace       used 20806K, capacity 21138K, committed 21248K, reserved 1067008K
  class space    used 2630K, capacity 2752K, committed 2816K, reserved 1048576K
Event: 10.277 GC heap after
Heap after GC invocations=2 (full 0):
 PSYoungGen      total 76288K, used 10735K [0x000000076ab00000, 0x0000000770000000, 0x00000007c0000000)
  eden space 65536K, 0% used [0x000000076ab00000,0x000000076ab00000,0x000000076eb00000)
  from space 10752K, 99% used [0x000000076f580000,0x000000076fffbf40,0x0000000770000000)
  to   space 10752K, 0% used [0x000000076eb00000,0x000000076eb00000,0x000000076f580000)
 ParOldGen       total 175104K, used 11371K [0x00000006c0000000, 0x00000006cab00000, 0x000000076ab00000)
  object space 175104K, 6% used [0x00000006c0000000,0x00000006c0b1ac80,0x00000006cab00000)
 Metaspace       used 20806K, capacity 21138K, committed 21248K, reserved 1067008K
  class space    used 2630K, capacity 2752K, committed 2816K, reserved 1048576K
}
Event: 10.278 GC heap before
{Heap before GC invocations=3 (full 1):
 PSYoungGen      total 76288K, used 10735K [0x000000076ab00000, 0x0000000770000000, 0x00000007c0000000)
  eden space 65536K, 0% used [0x000000076ab00000,0x000000076ab00000,0x000000076eb00000)
  from space 10752K, 99% used [0x000000076f580000,0x000000076fffbf40,0x0000000770000000)
  to   space 10752K, 0% used [0x000000076eb00000,0x000000076eb00000,0x000000076f580000)
 ParOldGen       total 175104K, used 11371K [0x00000006c0000000, 0x00000006cab00000, 0x000000076ab00000)
  object space 175104K, 6% used [0x00000006c0000000,0x00000006c0b1ac80,0x00000006cab00000)
 Metaspace       used 20806K, capacity 21138K, committed 21248K, reserved 1067008K
  class space    used 2630K, capacity 2752K, committed 2816K, reserved 1048576K
Event: 10.309 GC heap after
Heap after GC invocations=3 (full 1):
 PSYoungGen      total 76288K, used 0K [0x000000076ab00000, 0x0000000770000000, 0x00000007c0000000)
  eden space 65536K, 0% used [0x000000076ab00000,0x000000076ab00000,0x000000076eb00000)
  from space 10752K, 0% used [0x000000076f580000,0x000000076f580000,0x0000000770000000)
  to   space 10752K, 0% used [0x000000076eb00000,0x000000076eb00000,0x000000076f580000)
 ParOldGen       total 87040K, used 14922K [0x00000006c0000000, 0x00000006c5500000, 0x000000076ab00000)
  object space 87040K, 17% used [0x00000006c0000000,0x00000006c0e928e8,0x00000006c5500000)
 Metaspace       used 20806K, capacity 21138K, committed 21248K, reserved 1067008K
  class space    used 2630K, capacity 2752K, committed 2816K, reserved 1048576K
}
Event: 13.441 GC heap before
{Heap before GC invocations=4 (full 1):
 PSYoungGen      total 76288K, used 65536K [0x000000076ab00000, 0x0000000770000000, 0x00000007c0000000)
  eden space 65536K, 100% used [0x000000076ab00000,0x000000076eb00000,0x000000076eb00000)
  from space 10752K, 0% used [0x000000076f580000,0x000000076f580000,0x0000000770000000)
  to   space 10752K, 0% used [0x000000076eb00000,0x000000076eb00000,0x000000076f580000)
 ParOldGen       total 87040K, used 14922K [0x00000006c0000000, 0x00000006c5500000, 0x000000076ab00000)
  object space 87040K, 17% used [0x00000006c0000000,0x00000006c0e928e8,0x00000006c5500000)
 Metaspace       used 21550K, capacity 21850K, committed 22016K, reserved 1069056K
  class space    used 2706K, capacity 2816K, committed 2816K, reserved 1048576K
Event: 13.446 GC heap after
Heap after GC invocations=4 (full 1):
 PSYoungGen      total 76288K, used 10740K [0x000000076ab00000, 0x0000000770000000, 0x00000007c0000000)
  eden space 65536K, 0% used [0x000000076ab00000,0x000000076ab00000,0x000000076eb00000)
  from space 10752K, 99% used [0x000000076eb00000,0x000000076f57d318,0x000000076f580000)
  to   space 10752K, 0% used [0x000000076f580000,0x000000076f580000,0x0000000770000000)
 ParOldGen       total 87040K, used 16169K [0x00000006c0000000, 0x00000006c5500000, 0x000000076ab00000)
  object space 87040K, 18% used [0x00000006c0000000,0x00000006c0fca608,0x00000006c5500000)
 Metaspace       used 21550K, capacity 21850K, committed 22016K, reserved 1069056K
  class space    used 2706K, capacity 2816K, committed 2816K, reserved 1048576K
}
Event: 17.657 GC heap before
{Heap before GC invocations=5 (full 1):
 PSYoungGen      total 76288K, used 76272K [0x000000076ab00000, 0x0000000770000000, 0x00000007c0000000)
  eden space 65536K, 99% used [0x000000076ab00000,0x000000076eafee60,0x000000076eb00000)
  from space 10752K, 99% used [0x000000076eb00000,0x000000076f57d318,0x000000076f580000)
  to   space 10752K, 0% used [0x000000076f580000,0x000000076f580000,0x0000000770000000)
 ParOldGen       total 87040K, used 16169K [0x00000006c0000000, 0x00000006c5500000, 0x000000076ab00000)
  object space 87040K, 18% used [0x00000006c0000000,0x00000006c0fca608,0x00000006c5500000)
 Metaspace       used 21662K, capacity 21978K, committed 22016K, reserved 1069056K
  class space    used 2706K, capacity 2816K, committed 2816K, reserved 1048576K
Event: 17.660 GC heap after
Heap after GC invocations=5 (full 1):
 PSYoungGen      total 76288K, used 10724K [0x000000076ab00000, 0x0000000770000000, 0x00000007c0000000)
  eden space 65536K, 0% used [0x000000076ab00000,0x000000076ab00000,0x000000076eb00000)
  from space 10752K, 99% used [0x000000076f580000,0x000000076fff93f8,0x0000000770000000)
  to   space 10752K, 0% used [0x000000076eb00000,0x000000076eb00000,0x000000076f580000)
 ParOldGen       total 87040K, used 16880K [0x00000006c0000000, 0x00000006c5500000, 0x000000076ab00000)
  object space 87040K, 19% used [0x00000006c0000000,0x00000006c107c2b8,0x00000006c5500000)
 Metaspace       used 21662K, capacity 21978K, committed 22016K, reserved 1069056K
  class space    used 2706K, capacity 2816K, committed 2816K, reserved 1048576K
}
Event: 21.918 GC heap before
{Heap before GC invocations=6 (full 1):
 PSYoungGen      total 76288K, used 76260K [0x000000076ab00000, 0x0000000770000000, 0x00000007c0000000)
  eden space 65536K, 100% used [0x000000076ab00000,0x000000076eb00000,0x000000076eb00000)
  from space 10752K, 99% used [0x000000076f580000,0x000000076fff93f8,0x0000000770000000)
  to   space 10752K, 0% used [0x000000076eb00000,0x000000076eb00000,0x000000076f580000)
 ParOldGen       total 87040K, used 16880K [0x00000006c0000000, 0x00000006c5500000, 0x000000076ab00000)
  object space 87040K, 19% used [0x00000006c0000000,0x00000006c107c2b8,0x00000006c5500000)
 Metaspace       used 21680K, capacity 21978K, committed 22016K, reserved 1069056K
  class space    used 2706K, capacity 2816K, committed 2816K, reserved 1048576K
Event: 21.921 GC heap after
Heap after GC invocations=6 (full 1):
 PSYoungGen      total 74752K, used 10666K [0x000000076ab00000, 0x0000000770e80000, 0x00000007c0000000)
  eden space 64000K, 0% used [0x000000076ab00000,0x000000076ab00000,0x000000076e980000)
  from space 10752K, 99% used [0x000000076eb00000,0x000000076f56a988,0x000000076f580000)
  to   space 18944K, 0% used [0x000000076fc00000,0x000000076fc00000,0x0000000770e80000)
 ParOldGen       total 87040K, used 18060K [0x00000006c0000000, 0x00000006c5500000, 0x000000076ab00000)
  object space 87040K, 20% used [0x00000006c0000000,0x00000006c11a3288,0x00000006c5500000)
 Metaspace       used 21680K, capacity 21978K, committed 22016K, reserved 1069056K
  class space    used 2706K, capacity 2816K, committed 2816K, reserved 1048576K
}

Deoptimization events (10 events):
Event: 10.325 Thread 0x00007fe22c8a2800 Uncommon trap: reason=bimorphic action=maybe_recompile pc=0x0000000111f1e29c method=java.util.HashMap.putVal(ILjava/lang/Object;Ljava/lang/Object;ZZ)Ljava/lang/Object; @ 203
Event: 10.326 Thread 0x00007fe22c8a2800 Uncommon trap: reason=bimorphic action=maybe_recompile pc=0x0000000111f1e29c method=java.util.HashMap.putVal(ILjava/lang/Object;Ljava/lang/Object;ZZ)Ljava/lang/Object; @ 203
Event: 10.326 Thread 0x00007fe22c8a2800 Uncommon trap: reason=bimorphic action=maybe_recompile pc=0x0000000111f1e29c method=java.util.HashMap.putVal(ILjava/lang/Object;Ljava/lang/Object;ZZ)Ljava/lang/Object; @ 203
Event: 10.326 Thread 0x00007fe22c8a2800 Uncommon trap: reason=bimorphic action=maybe_recompile pc=0x0000000111f1e29c method=java.util.HashMap.putVal(ILjava/lang/Object;Ljava/lang/Object;ZZ)Ljava/lang/Object; @ 203
Event: 10.326 Thread 0x00007fe22c8a2800 Uncommon trap: reason=bimorphic action=maybe_recompile pc=0x0000000111f173f8 method=java.util.HashMap.putVal(ILjava/lang/Object;Ljava/lang/Object;ZZ)Ljava/lang/Object; @ 203
Event: 10.392 Thread 0x00007fe22c8a2800 Uncommon trap: reason=predicate action=maybe_recompile pc=0x00000001123b6880 method=org.jsoup.parser.HtmlTreeBuilder.inSpecificScope([Ljava/lang/String;[Ljava/lang/String;[Ljava/lang/String;)Z @ 16
Event: 10.420 Thread 0x00007fe22c8a2800 Uncommon trap: reason=unstable_if action=reinterpret pc=0x0000000112362cb0 method=java.lang.String.trim()Ljava/lang/String; @ 44
Event: 10.438 Thread 0x00007fe22c8a2800 Uncommon trap: reason=unstable_if action=reinterpret pc=0x0000000112411068 method=org.jsoup.helper.StringUtil.padding(I)Ljava/lang/String; @ 19
Event: 10.439 Thread 0x00007fe22c8a2800 Uncommon trap: reason=class_check action=maybe_recompile pc=0x00000001122c8ebc method=java.util.regex.Matcher.search(I)Z @ 86
Event: 10.451 Thread 0x00007fe22c8a2800 Uncommon trap: reason=class_check action=maybe_recompile pc=0x00000001122c8ebc method=java.util.regex.Matcher.search(I)Z @ 86

Internal exceptions (10 events):
Event: 0.129 Thread 0x00007fe22b015000 Exception <a 'java/lang/NoSuchFieldError': method resolution failed> (0x000000076b01b780) thrown at [/Users/java_re/workspace/8-2-build-macosx-x86_64/jdk8u60/4407/hotspot/src/share/vm/prims/methodHandles.cpp, line 1146]
Event: 0.251 Thread 0x00007fe22b015000 Exception <a 'java/io/FileNotFoundException'> (0x000000076b0967e0) thrown at [/Users/java_re/workspace/8-2-build-macosx-x86_64/jdk8u60/4407/hotspot/src/share/vm/prims/jni.cpp, line 709]
Event: 0.251 Thread 0x00007fe22b015000 Exception <a 'java/io/FileNotFoundException'> (0x000000076b097328) thrown at [/Users/java_re/workspace/8-2-build-macosx-x86_64/jdk8u60/4407/hotspot/src/share/vm/prims/jni.cpp, line 709]
Event: 1.618 Thread 0x00007fe22b015000 Exception <a 'java/lang/NullPointerException'> (0x000000076b758790) thrown at [/Users/java_re/workspace/8-2-build-macosx-x86_64/jdk8u60/4407/hotspot/src/share/vm/prims/jni.cpp, line 735]
Event: 3.084 Thread 0x00007fe22b015000 Exception <a 'java/lang/ArrayIndexOutOfBoundsException'> (0x000000076d2ea310) thrown at [/Users/java_re/workspace/8-2-build-macosx-x86_64/jdk8u60/4407/hotspot/src/share/vm/runtime/sharedRuntime.cpp, line 605]
Event: 3.084 Thread 0x00007fe22b015000 Exception <a 'java/lang/ArrayIndexOutOfBoundsException'> (0x000000076d2eb218) thrown at [/Users/java_re/workspace/8-2-build-macosx-x86_64/jdk8u60/4407/hotspot/src/share/vm/runtime/sharedRuntime.cpp, line 605]
Event: 3.085 Thread 0x00007fe22b015000 Exception <a 'java/lang/ArrayIndexOutOfBoundsException'> (0x000000076d2eca70) thrown at [/Users/java_re/workspace/8-2-build-macosx-x86_64/jdk8u60/4407/hotspot/src/share/vm/runtime/sharedRuntime.cpp, line 605]
Event: 3.085 Thread 0x00007fe22b015000 Exception <a 'java/lang/ArrayIndexOutOfBoundsException'> (0x000000076d2ed848) thrown at [/Users/java_re/workspace/8-2-build-macosx-x86_64/jdk8u60/4407/hotspot/src/share/vm/runtime/sharedRuntime.cpp, line 605]
Event: 8.103 Thread 0x00007fe22c9ab800 Implicit null exception at 0x00000001122154ae to 0x0000000112216445
Event: 10.392 Thread 0x00007fe22c8a2800 Implicit null exception at 0x00000001123b5f99 to 0x00000001123b685d

Events (10 events):
Event: 13.441 Executing VM operation: ParallelGCFailedAllocation
Event: 13.446 Executing VM operation: ParallelGCFailedAllocation done
Event: 13.446 Executing VM operation: RevokeBias
Event: 13.446 Executing VM operation: RevokeBias done
Event: 14.337 Thread 0x00007fe22c9ab800 DEOPT PACKING pc=0x00000001121e5bc7 sp=0x0000000136a9c2b0
Event: 14.337 Thread 0x00007fe22c9ab800 DEOPT UNPACKING pc=0x0000000111bd0633 sp=0x0000000136a9c038 mode 0
Event: 17.657 Executing VM operation: ParallelGCFailedAllocation
Event: 17.660 Executing VM operation: ParallelGCFailedAllocation done
Event: 21.918 Executing VM operation: ParallelGCFailedAllocation
Event: 21.921 Executing VM operation: ParallelGCFailedAllocation done


Dynamic libraries:
0x0000000005d14000 	/System/Library/Frameworks/Cocoa.framework/Versions/A/Cocoa
0x0000000005d14000 	/System/Library/Frameworks/Security.framework/Versions/A/Security
0x0000000005d14000 	/System/Library/Frameworks/ApplicationServices.framework/Versions/A/ApplicationServices
0x0000000005d14000 	/usr/lib/libz.1.dylib
0x0000000005d14000 	/usr/lib/libSystem.B.dylib
0x0000000005d14000 	/usr/lib/libobjc.A.dylib
0x0000000005d14000 	/System/Library/Frameworks/CoreFoundation.framework/Versions/A/CoreFoundation
0x0000000005d14000 	/System/Library/Frameworks/Foundation.framework/Versions/C/Foundation
0x0000000005d14000 	/System/Library/Frameworks/AppKit.framework/Versions/C/AppKit
0x0000000005d14000 	/System/Library/Frameworks/CoreData.framework/Versions/A/CoreData
0x0000000005d14000 	/System/Library/PrivateFrameworks/RemoteViewServices.framework/Versions/A/RemoteViewServices
0x0000000005d14000 	/System/Library/PrivateFrameworks/UIFoundation.framework/Versions/A/UIFoundation
0x0000000005d14000 	/System/Library/Frameworks/IOSurface.framework/Versions/A/IOSurface
0x0000000005d14000 	/System/Library/Frameworks/AudioToolbox.framework/Versions/A/AudioToolbox
0x0000000005d14000 	/System/Library/Frameworks/AudioUnit.framework/Versions/A/AudioUnit
0x0000000005d14000 	/System/Library/PrivateFrameworks/DataDetectorsCore.framework/Versions/A/DataDetectorsCore
0x0000000005d14000 	/System/Library/PrivateFrameworks/DesktopServicesPriv.framework/Versions/A/DesktopServicesPriv
0x0000000005d14000 	/System/Library/Frameworks/Carbon.framework/Versions/A/Frameworks/HIToolbox.framework/Versions/A/HIToolbox
0x0000000005d14000 	/System/Library/Frameworks/QuartzCore.framework/Versions/A/QuartzCore
0x0000000005d14000 	/System/Library/Frameworks/Carbon.framework/Versions/A/Frameworks/SpeechRecognition.framework/Versions/A/SpeechRecognition
0x0000000005d14000 	/usr/lib/libauto.dylib
0x0000000005d14000 	/usr/lib/libicucore.A.dylib
0x0000000005d14000 	/usr/lib/libxml2.2.dylib
0x0000000005d14000 	/System/Library/PrivateFrameworks/CoreUI.framework/Versions/A/CoreUI
0x0000000005d14000 	/System/Library/Frameworks/CoreAudio.framework/Versions/A/CoreAudio
0x0000000005d14000 	/System/Library/Frameworks/DiskArbitration.framework/Versions/A/DiskArbitration
0x0000000005d14000 	/usr/lib/liblangid.dylib
0x0000000005d14000 	/System/Library/PrivateFrameworks/MultitouchSupport.framework/Versions/A/MultitouchSupport
0x0000000005d14000 	/System/Library/Frameworks/IOKit.framework/Versions/A/IOKit
0x0000000005d14000 	/usr/lib/libDiagnosticMessagesClient.dylib
0x0000000005d14000 	/System/Library/Frameworks/CoreServices.framework/Versions/A/CoreServices
0x0000000005d14000 	/System/Library/PrivateFrameworks/PerformanceAnalysis.framework/Versions/A/PerformanceAnalysis
0x0000000005d14000 	/System/Library/PrivateFrameworks/GenerationalStorage.framework/Versions/A/GenerationalStorage
0x0000000005d14000 	/System/Library/Frameworks/OpenGL.framework/Versions/A/OpenGL
0x0000000005d14000 	/System/Library/PrivateFrameworks/Sharing.framework/Versions/A/Sharing
0x0000000005d14000 	/System/Library/Frameworks/CoreGraphics.framework/Versions/A/CoreGraphics
0x0000000005d14000 	/System/Library/Frameworks/CoreText.framework/Versions/A/CoreText
0x0000000005d14000 	/System/Library/Frameworks/ImageIO.framework/Versions/A/ImageIO
0x0000000005d14000 	/usr/lib/libextension.dylib
0x0000000005d14000 	/System/Library/PrivateFrameworks/Backup.framework/Versions/A/Backup
0x0000000005d14000 	/usr/lib/libarchive.2.dylib
0x0000000005d14000 	/System/Library/Frameworks/CFNetwork.framework/Versions/A/CFNetwork
0x0000000005d14000 	/System/Library/Frameworks/SystemConfiguration.framework/Versions/A/SystemConfiguration
0x0000000005d14000 	/usr/lib/libCRFSuite.dylib
0x0000000005d14000 	/usr/lib/libc++.1.dylib
0x0000000005d14000 	/usr/lib/libc++abi.dylib
0x0000000005d14000 	/usr/lib/system/libcache.dylib
0x0000000005d14000 	/usr/lib/system/libcommonCrypto.dylib
0x0000000005d14000 	/usr/lib/system/libcompiler_rt.dylib
0x0000000005d14000 	/usr/lib/system/libcopyfile.dylib
0x0000000005d14000 	/usr/lib/system/libcorecrypto.dylib
0x0000000005d14000 	/usr/lib/system/libdispatch.dylib
0x0000000005d14000 	/usr/lib/system/libdyld.dylib
0x0000000005d14000 	/usr/lib/system/libkeymgr.dylib
0x0000000005d14000 	/usr/lib/system/liblaunch.dylib
0x0000000005d14000 	/usr/lib/system/libmacho.dylib
0x0000000005d14000 	/usr/lib/system/libquarantine.dylib
0x0000000005d14000 	/usr/lib/system/libremovefile.dylib
0x0000000005d14000 	/usr/lib/system/libsystem_asl.dylib
0x0000000005d14000 	/usr/lib/system/libsystem_blocks.dylib
0x0000000005d14000 	/usr/lib/system/libsystem_c.dylib
0x0000000005d14000 	/usr/lib/system/libsystem_configuration.dylib
0x0000000005d14000 	/usr/lib/system/libsystem_coreservices.dylib
0x0000000005d14000 	/usr/lib/system/libsystem_coretls.dylib
0x0000000005d14000 	/usr/lib/system/libsystem_dnssd.dylib
0x0000000005d14000 	/usr/lib/system/libsystem_info.dylib
0x0000000005d14000 	/usr/lib/system/libsystem_kernel.dylib
0x0000000005d14000 	/usr/lib/system/libsystem_m.dylib
0x0000000005d14000 	/usr/lib/system/libsystem_malloc.dylib
0x0000000005d14000 	/usr/lib/system/libsystem_network.dylib
0x0000000005d14000 	/usr/lib/system/libsystem_networkextension.dylib
0x0000000005d14000 	/usr/lib/system/libsystem_notify.dylib
0x0000000005d14000 	/usr/lib/system/libsystem_platform.dylib
0x0000000005d14000 	/usr/lib/system/libsystem_pthread.dylib
0x0000000005d14000 	/usr/lib/system/libsystem_sandbox.dylib
0x0000000005d14000 	/usr/lib/system/libsystem_secinit.dylib
0x0000000005d14000 	/usr/lib/system/libsystem_stats.dylib
0x0000000005d14000 	/usr/lib/system/libsystem_trace.dylib
0x0000000005d14000 	/usr/lib/system/libunc.dylib
0x0000000005d14000 	/usr/lib/system/libunwind.dylib
0x0000000005d14000 	/usr/lib/system/libxpc.dylib
0x0000000005d14000 	/usr/lib/libbz2.1.0.dylib
0x0000000005d14000 	/usr/lib/liblzma.5.dylib
0x0000000005d14000 	/usr/lib/libbsm.0.dylib
0x0000000005d14000 	/usr/lib/libsqlite3.dylib
0x0000000005d14000 	/usr/lib/system/libkxld.dylib
0x0000000005d14000 	/usr/lib/libxar.1.dylib
0x0000000005d14000 	/usr/lib/libpam.2.dylib
0x0000000005d14000 	/usr/lib/libOpenScriptingUtil.dylib
0x0000000005d14000 	/System/Library/Frameworks/CoreServices.framework/Versions/A/Frameworks/FSEvents.framework/Versions/A/FSEvents
0x0000000005d14000 	/System/Library/Frameworks/CoreServices.framework/Versions/A/Frameworks/CarbonCore.framework/Versions/A/CarbonCore
0x0000000005d14000 	/System/Library/Frameworks/CoreServices.framework/Versions/A/Frameworks/Metadata.framework/Versions/A/Metadata
0x0000000005d14000 	/System/Library/Frameworks/CoreServices.framework/Versions/A/Frameworks/OSServices.framework/Versions/A/OSServices
0x0000000005d14000 	/System/Library/Frameworks/CoreServices.framework/Versions/A/Frameworks/SearchKit.framework/Versions/A/SearchKit
0x0000000005d14000 	/System/Library/Frameworks/CoreServices.framework/Versions/A/Frameworks/AE.framework/Versions/A/AE
0x0000000005d14000 	/System/Library/Frameworks/CoreServices.framework/Versions/A/Frameworks/LaunchServices.framework/Versions/A/LaunchServices
0x0000000005d14000 	/System/Library/Frameworks/CoreServices.framework/Versions/A/Frameworks/DictionaryServices.framework/Versions/A/DictionaryServices
0x0000000005d14000 	/System/Library/Frameworks/NetFS.framework/Versions/A/NetFS
0x0000000005d14000 	/System/Library/PrivateFrameworks/NetAuth.framework/Versions/A/NetAuth
0x0000000005d14000 	/System/Library/PrivateFrameworks/login.framework/Versions/A/Frameworks/loginsupport.framework/Versions/A/loginsupport
0x0000000005d14000 	/System/Library/PrivateFrameworks/TCC.framework/Versions/A/TCC
0x0000000005d14000 	/usr/lib/libmecabra.dylib
0x0000000005d14000 	/System/Library/Frameworks/ApplicationServices.framework/Versions/A/Frameworks/ATS.framework/Versions/A/ATS
0x0000000005d14000 	/System/Library/Frameworks/ApplicationServices.framework/Versions/A/Frameworks/ColorSync.framework/Versions/A/ColorSync
0x0000000005d14000 	/System/Library/Frameworks/ApplicationServices.framework/Versions/A/Frameworks/HIServices.framework/Versions/A/HIServices
0x0000000005d14000 	/System/Library/Frameworks/ApplicationServices.framework/Versions/A/Frameworks/LangAnalysis.framework/Versions/A/LangAnalysis
0x0000000005d14000 	/System/Library/Frameworks/ApplicationServices.framework/Versions/A/Frameworks/PrintCore.framework/Versions/A/PrintCore
0x0000000005d14000 	/System/Library/Frameworks/ApplicationServices.framework/Versions/A/Frameworks/QD.framework/Versions/A/QD
0x0000000005d14000 	/System/Library/Frameworks/ApplicationServices.framework/Versions/A/Frameworks/SpeechSynthesis.framework/Versions/A/SpeechSynthesis
0x0000000005d14000 	/System/Library/Frameworks/Accelerate.framework/Versions/A/Accelerate
0x0000000005d14000 	/System/Library/Frameworks/Accelerate.framework/Versions/A/Frameworks/vImage.framework/Versions/A/vImage
0x0000000005d14000 	/System/Library/Frameworks/Accelerate.framework/Versions/A/Frameworks/vecLib.framework/Versions/A/vecLib
0x0000000005d14000 	/System/Library/Frameworks/Accelerate.framework/Versions/A/Frameworks/vecLib.framework/Versions/A/libvDSP.dylib
0x0000000005d14000 	/System/Library/Frameworks/Accelerate.framework/Versions/A/Frameworks/vecLib.framework/Versions/A/libvMisc.dylib
0x0000000005d14000 	/System/Library/Frameworks/Accelerate.framework/Versions/A/Frameworks/vecLib.framework/Versions/A/libLAPACK.dylib
0x0000000005d14000 	/System/Library/Frameworks/Accelerate.framework/Versions/A/Frameworks/vecLib.framework/Versions/A/libBLAS.dylib
0x0000000005d14000 	/System/Library/Frameworks/Accelerate.framework/Versions/A/Frameworks/vecLib.framework/Versions/A/libLinearAlgebra.dylib
0x0000000005d14000 	/System/Library/Frameworks/ApplicationServices.framework/Versions/A/Frameworks/ATS.framework/Versions/A/Resources/libFontParser.dylib
0x0000000005d14000 	/System/Library/Frameworks/ApplicationServices.framework/Versions/A/Frameworks/ATS.framework/Versions/A/Resources/libFontRegistry.dylib
0x0000000005d14000 	/System/Library/PrivateFrameworks/AppleVPA.framework/Versions/A/AppleVPA
0x0000000005d14000 	/System/Library/PrivateFrameworks/AppleJPEG.framework/Versions/A/AppleJPEG
0x0000000005d14000 	/System/Library/Frameworks/ImageIO.framework/Versions/A/Resources/libJPEG.dylib
0x0000000005d14000 	/System/Library/Frameworks/ImageIO.framework/Versions/A/Resources/libTIFF.dylib
0x0000000005d14000 	/System/Library/Frameworks/ImageIO.framework/Versions/A/Resources/libPng.dylib
0x0000000005d14000 	/System/Library/Frameworks/ImageIO.framework/Versions/A/Resources/libGIF.dylib
0x0000000005d14000 	/System/Library/Frameworks/ImageIO.framework/Versions/A/Resources/libJP2.dylib
0x0000000005d14000 	/System/Library/Frameworks/ImageIO.framework/Versions/A/Resources/libRadiance.dylib
0x0000000005d14000 	/System/Library/Frameworks/CoreVideo.framework/Versions/A/CoreVideo
0x0000000005d14000 	/System/Library/Frameworks/OpenGL.framework/Versions/A/Libraries/libGLU.dylib
0x0000000005d14000 	/System/Library/Frameworks/OpenGL.framework/Versions/A/Libraries/libGFXShared.dylib
0x0000000005d14000 	/System/Library/Frameworks/OpenGL.framework/Versions/A/Libraries/libGL.dylib
0x0000000005d14000 	/System/Library/Frameworks/OpenGL.framework/Versions/A/Libraries/libGLImage.dylib
0x0000000005d14000 	/System/Library/Frameworks/OpenGL.framework/Versions/A/Libraries/libCVMSPluginSupport.dylib
0x0000000005d14000 	/System/Library/Frameworks/OpenGL.framework/Versions/A/Libraries/libCoreVMClient.dylib
0x0000000005d14000 	/usr/lib/libcups.2.dylib
0x0000000005d14000 	/System/Library/Frameworks/Kerberos.framework/Versions/A/Kerberos
0x0000000005d14000 	/System/Library/Frameworks/GSS.framework/Versions/A/GSS
0x0000000005d14000 	/usr/lib/libresolv.9.dylib
0x0000000005d14000 	/usr/lib/libiconv.2.dylib
0x0000000005d14000 	/System/Library/PrivateFrameworks/Heimdal.framework/Versions/A/Heimdal
0x0000000005d14000 	/usr/lib/libheimdal-asn1.dylib
0x0000000005d14000 	/System/Library/Frameworks/OpenDirectory.framework/Versions/A/OpenDirectory
0x0000000005d14000 	/System/Library/PrivateFrameworks/CommonAuth.framework/Versions/A/CommonAuth
0x0000000005d14000 	/System/Library/Frameworks/OpenDirectory.framework/Versions/A/Frameworks/CFOpenDirectory.framework/Versions/A/CFOpenDirectory
0x0000000005d14000 	/System/Library/Frameworks/SecurityFoundation.framework/Versions/A/SecurityFoundation
0x0000000005d14000 	/System/Library/PrivateFrameworks/LanguageModeling.framework/Versions/A/LanguageModeling
0x0000000005d14000 	/usr/lib/libcmph.dylib
0x0000000005d14000 	/System/Library/Frameworks/ServiceManagement.framework/Versions/A/ServiceManagement
0x0000000005d14000 	/usr/lib/libxslt.1.dylib
0x0000000005d14000 	/System/Library/Frameworks/Carbon.framework/Versions/A/Frameworks/Ink.framework/Versions/A/Ink
0x0000000005d14000 	/System/Library/Frameworks/QuartzCore.framework/Versions/A/Frameworks/CoreImage.framework/Versions/A/CoreImage
0x0000000005d14000 	/System/Library/PrivateFrameworks/CrashReporterSupport.framework/Versions/A/CrashReporterSupport
0x0000000005d14000 	/System/Library/Frameworks/OpenCL.framework/Versions/A/OpenCL
0x0000000005d14000 	/System/Library/PrivateFrameworks/FaceCore.framework/Versions/A/FaceCore
0x0000000005d14000 	/System/Library/PrivateFrameworks/Ubiquity.framework/Versions/A/Ubiquity
0x0000000005d14000 	/System/Library/PrivateFrameworks/IconServices.framework/Versions/A/IconServices
0x0000000005d14000 	/System/Library/PrivateFrameworks/ChunkingLibrary.framework/Versions/A/ChunkingLibrary
0x0000000005d14000 	/System/Library/PrivateFrameworks/Apple80211.framework/Versions/A/Apple80211
0x0000000005d14000 	/System/Library/Frameworks/CoreWLAN.framework/Versions/A/CoreWLAN
0x0000000005d14000 	/System/Library/Frameworks/IOBluetooth.framework/Versions/A/IOBluetooth
0x0000000005d14000 	/System/Library/PrivateFrameworks/CoreWiFi.framework/Versions/A/CoreWiFi
0x0000000005d14000 	/System/Library/Frameworks/CoreBluetooth.framework/Versions/A/CoreBluetooth
0x0000000005d14000 	/System/Library/PrivateFrameworks/DebugSymbols.framework/Versions/A/DebugSymbols
0x0000000005d14000 	/System/Library/PrivateFrameworks/CoreSymbolication.framework/Versions/A/CoreSymbolication
0x0000000005d14000 	/System/Library/PrivateFrameworks/Symbolication.framework/Versions/A/Symbolication
0x0000000005d14000 	/System/Library/PrivateFrameworks/SpeechRecognitionCore.framework/Versions/A/SpeechRecognitionCore
0x0000000110c00000 	/Library/Java/JavaVirtualMachines/jdk1.8.0_60.jdk/Contents/Home/jre/lib/server/libjvm.dylib
0x0000000005d14000 	/usr/lib/libstdc++.6.dylib
0x000000010fb34000 	/Library/Java/JavaVirtualMachines/jdk1.8.0_60.jdk/Contents/Home/jre/lib/libverify.dylib
0x000000010fb42000 	/Library/Java/JavaVirtualMachines/jdk1.8.0_60.jdk/Contents/Home/jre/lib/libjava.dylib
0x000000010fb81000 	/Library/Java/JavaVirtualMachines/jdk1.8.0_60.jdk/Contents/Home/jre/lib/libzip.dylib
0x000000012d6ef000 	/System/Library/Frameworks/JavaVM.framework/Frameworks/JavaRuntimeSupport.framework/JavaRuntimeSupport
0x000000012d70a000 	/System/Library/Frameworks/JavaVM.framework/Versions/A/Frameworks/JavaNativeFoundation.framework/Versions/A/JavaNativeFoundation
0x000000012d71f000 	/System/Library/Frameworks/JavaVM.framework/Versions/A/JavaVM
0x0000000005d14000 	/System/Library/Frameworks/Carbon.framework/Versions/A/Carbon
0x000000012d72c000 	/System/Library/PrivateFrameworks/JavaLaunching.framework/Versions/A/JavaLaunching
0x0000000005d14000 	/System/Library/Frameworks/Carbon.framework/Versions/A/Frameworks/CommonPanels.framework/Versions/A/CommonPanels
0x0000000005d14000 	/System/Library/Frameworks/Carbon.framework/Versions/A/Frameworks/Help.framework/Versions/A/Help
0x0000000005d14000 	/System/Library/Frameworks/Carbon.framework/Versions/A/Frameworks/ImageCapture.framework/Versions/A/ImageCapture
0x0000000005d14000 	/System/Library/Frameworks/Carbon.framework/Versions/A/Frameworks/OpenScripting.framework/Versions/A/OpenScripting
0x0000000005d14000 	/System/Library/Frameworks/Carbon.framework/Versions/A/Frameworks/Print.framework/Versions/A/Print
0x0000000005d14000 	/System/Library/Frameworks/Carbon.framework/Versions/A/Frameworks/SecurityHI.framework/Versions/A/SecurityHI
0x000000012f7f2000 	/Library/Java/JavaVirtualMachines/jdk1.8.0_60.jdk/Contents/Home/jre/lib/libawt.dylib
0x000000012f89a000 	/Library/Java/JavaVirtualMachines/jdk1.8.0_60.jdk/Contents/Home/jre/lib/./libmlib_image.dylib
0x000000012f966000 	/Library/Java/JavaVirtualMachines/jdk1.8.0_60.jdk/Contents/Home/jre/lib/libawt_lwawt.dylib
0x000000012fa1b000 	/Library/Java/JavaVirtualMachines/jdk1.8.0_60.jdk/Contents/Home/jre/lib/./libosxapp.dylib
0x0000000005d14000 	/System/Library/Frameworks/ExceptionHandling.framework/Versions/A/ExceptionHandling
0x0000000005d14000 	/System/Library/PrivateFrameworks/CoreServicesInternal.framework/Versions/A/CoreServicesInternal
0x0000000005d14000 	/System/Library/PrivateFrameworks/CloudDocs.framework/Versions/A/CloudDocs
0x0000000005d14000 	/System/Library/PrivateFrameworks/CoreDuet.framework/Versions/A/CoreDuet
0x0000000005d14000 	/System/Library/Frameworks/CloudKit.framework/Versions/A/CloudKit
0x0000000005d14000 	/System/Library/PrivateFrameworks/ProtocolBuffer.framework/Versions/A/ProtocolBuffer
0x0000000005d14000 	/System/Library/PrivateFrameworks/CoreDuetDaemonProtocol.framework/Versions/A/CoreDuetDaemonProtocol
0x0000000005d14000 	/System/Library/PrivateFrameworks/CoreDuetDebugLogging.framework/Versions/A/CoreDuetDebugLogging
0x0000000005d14000 	/System/Library/PrivateFrameworks/MMCS.framework/Versions/A/MMCS
0x0000000005d14000 	/System/Library/Frameworks/CoreLocation.framework/Versions/A/CoreLocation
0x0000000005d14000 	/System/Library/PrivateFrameworks/ProtectedCloudStorage.framework/Versions/A/ProtectedCloudStorage
0x0000000005d14000 	/System/Library/PrivateFrameworks/GeoServices.framework/Versions/A/GeoServices
0x0000000130fa7000 	/System/Library/Frameworks/CoreGraphics.framework/Versions/A/Resources/libCGCMS.A.dylib
0x0000000131d8a000 	/System/Library/Frameworks/CoreGraphics.framework/Versions/A/Resources/libRIP.A.dylib
0x00000001320d3000 	/System/Library/Frameworks/CoreGraphics.framework/Versions/A/Resources/libCGXType.A.dylib
0x0000000005d14000 	/System/Library/Frameworks/OpenCL.framework/Versions/A/Libraries/libcldcpuengine.dylib
0x0000000005d14000 	/System/Library/PrivateFrameworks/DiskImages.framework/Versions/A/DiskImages
0x0000000005d14000 	/System/Library/Frameworks/DiscRecording.framework/Versions/A/DiscRecording
0x0000000005d14000 	/usr/lib/libcsfde.dylib
0x0000000005d14000 	/usr/lib/libcurl.4.dylib
0x0000000005d14000 	/System/Library/PrivateFrameworks/MediaKit.framework/Versions/A/MediaKit
0x0000000005d14000 	/usr/lib/libCoreStorage.dylib
0x0000000005d14000 	/System/Library/PrivateFrameworks/EFILogin.framework/Versions/A/EFILogin
0x0000000005d14000 	/usr/lib/libutil.dylib
0x0000000005d14000 	/System/Library/PrivateFrameworks/FindMyDevice.framework/Versions/A/FindMyDevice
0x0000000005d14000 	/System/Library/Frameworks/LDAP.framework/Versions/A/LDAP
0x0000000005d14000 	/usr/lib/libsasl2.2.dylib
0x0000000005d14000 	/System/Library/PrivateFrameworks/CoreDaemon.framework/Versions/B/CoreDaemon
0x0000000005d14000 	/usr/lib/libcrypto.0.9.8.dylib
0x0000000005d14000 	/System/Library/PrivateFrameworks/AppleSRP.framework/Versions/A/AppleSRP
0x0000000005d14000 	/System/Library/PrivateFrameworks/TrustEvaluationAgent.framework/Versions/A/TrustEvaluationAgent
0x0000000132b47000 	cl_kernels
0x0000000132b49000 	/System/Library/Frameworks/OpenCL.framework/Versions/A/Libraries/ImageFormats/unorm8_bgra.dylib
0x0000000132b39000 	cl_kernels
0x0000000005d14000 	/System/Library/PrivateFrameworks/FamilyControls.framework/Versions/A/FamilyControls
0x0000000005d14000 	/System/Library/PrivateFrameworks/CommerceKit.framework/Versions/A/Frameworks/CommerceCore.framework/Versions/A/CommerceCore
0x0000000005d14000 	/System/Library/PrivateFrameworks/SystemAdministration.framework/Versions/A/SystemAdministration
0x0000000005d14000 	/System/Library/PrivateFrameworks/AppContainer.framework/Versions/A/AppContainer
0x0000000005d14000 	/System/Library/PrivateFrameworks/SecCodeWrapper.framework/Versions/A/SecCodeWrapper
0x0000000005d14000 	/System/Library/Frameworks/DirectoryService.framework/Versions/A/DirectoryService
0x0000000005d14000 	/System/Library/PrivateFrameworks/LoginUIKit.framework/Versions/A/Frameworks/LoginUICore.framework/Versions/A/LoginUICore
0x0000000005d14000 	/usr/lib/libodfde.dylib
0x000000013417a000 	/System/Library/Frameworks/OpenGL.framework/Resources/GLEngine.bundle/GLEngine
0x0000000005d14000 	/System/Library/Frameworks/OpenGL.framework/Versions/A/Libraries/libGLProgrammability.dylib
0x0000000134365000 	/System/Library/Extensions/AppleIntelHD5000GraphicsGLDriver.bundle/Contents/MacOS/AppleIntelHD5000GraphicsGLDriver
0x0000000005d14000 	/System/Library/PrivateFrameworks/IOAccelerator.framework/Versions/A/IOAccelerator
0x0000000005d14000 	/System/Library/PrivateFrameworks/GPUSupport.framework/Versions/A/Libraries/libGPUSupportMercury.dylib
0x0000000000000000 	/System/Library/Extensions/GeForceGLDriver.bundle/Contents/MacOS/GeForceGLDriver
0x0000000005d14000 	/System/Library/Extensions/GeForceGLDriver.bundle/Contents/MacOS/libclh.dylib
0x0000000134e4b000 	/System/Library/Frameworks/OpenGL.framework/Resources//GLRendererFloat.bundle/GLRendererFloat
0x0000000135e27000 	/Library/Java/JavaVirtualMachines/jdk1.8.0_60.jdk/Contents/Home/jre/lib/libfontmanager.dylib
0x0000000135e8e000 	/Library/Java/JavaVirtualMachines/jdk1.8.0_60.jdk/Contents/Home/jre/lib/libosxui.dylib
0x0000000136f24000 	/Library/Java/JavaVirtualMachines/jdk1.8.0_60.jdk/Contents/Home/jre/lib/libnet.dylib
0x0000000136f83000 	/Library/Java/JavaVirtualMachines/jdk1.8.0_60.jdk/Contents/Home/jre/lib/libnio.dylib
0x0000000005d14000 	/System/Library/Frameworks/ApplicationServices.framework/Versions/A/Frameworks/ATS.framework/Versions/A/Resources/libTrueTypeScaler.dylib
0x0000000005d14000 	/System/Library/Frameworks/Accelerate.framework/Versions/A/Frameworks/vImage.framework/Versions/A/Libraries/libCGInterfaces.dylib
0x0000000194947000 	/Library/Java/JavaVirtualMachines/jdk1.8.0_60.jdk/Contents/Home/jre/lib/libsunec.dylib

VM Arguments:
jvm_args: -Dfile.encoding=UTF-8 
java_command: no.uio.ifi.management.ManagementFilteredSearch
java_class_path (initial): /Users/Zelus/Documents/INF5090-Current/youtubeDownloader/target/classes:/Applications/Development/Eclipse.app/Contents/Eclipse/plugins/org.junit_4.12.0.v201504281640/junit.jar:/Applications/Development/Eclipse.app/Contents/Eclipse/plugins/org.hamcrest.core_1.3.0.v201303031735.jar:/Users/Zelus/.m2/repository/com/google/apis/google-api-services-youtube/v3-rev149-1.18.0-rc/google-api-services-youtube-v3-rev149-1.18.0-rc.jar:/Users/Zelus/.m2/repository/com/google/api-client/google-api-client/1.18.0-rc/google-api-client-1.18.0-rc.jar:/Users/Zelus/.m2/repository/com/google/oauth-client/google-oauth-client/1.18.0-rc/google-oauth-client-1.18.0-rc.jar:/Users/Zelus/.m2/repository/com/google/apis/google-api-services-youtubeAnalytics/v1-rev24-1.17.0-rc/google-api-services-youtubeAnalytics-v1-rev24-1.17.0-rc.jar:/Users/Zelus/.m2/repository/org/codehaus/jackson/jackson-mapper-asl/1.9.4/jackson-mapper-asl-1.9.4.jar:/Users/Zelus/.m2/repository/org/codehaus/jackson/jackson-core-asl/1.9.4/jackson-core-asl-1.9.4.jar:/Users/Zelus/.m2/repository/com/google/http-client/google-http-client-jackson2/1.18.0-rc/google-http-client-jackson2-1.18.0-rc.jar:/Users/Zelus/.m2/repository/com/google/http-client/google-http-client/1.18.0-rc/google-http-client-1.18.0-rc.jar:/Users/Zelus/.m2/repository/com/google/code/findbugs/jsr305/1.3.9/jsr305-1.3.9.jar:/Users/Zelus/.m2/repository/org/apache/httpcomponents/httpclient/4.0.1/httpclient-4.0.1.jar:/Users/Zelus/.m2/repository/org/apache/httpcomponents/httpcore/4.0.1/httpcore-4.0.1.jar:/Users/Zelus/.m2/repository/commons-logging/commons-logging/1.1.1/commons-logging-1.1.1.jar:/Users/Zelus/.m2/repository/commons-codec/commons-codec/1.3/commons-codec-1.3.jar:/Users/Zelus/.m2/repository/com/fasterxml/jackson/core/jackson-core/2.1.3/jackson-core-2.1.3.jar:/Users/Zelus/.m2/repository/com/google/oauth-client/google-oauth-client-jetty/1.18.0-rc/google-oauth-client-jetty-1.18.0-rc.jar:/Users/Zelus/.m2/repository/com/google/oauth-client/
Launcher Type: SUN_STANDARD

Environment Variables:
PATH=/usr/bin:/bin:/usr/sbin:/sbin
SHELL=/bin/bash

Signal Handlers:
SIGSEGV: [libjvm.dylib+0x5a6d31], sa_mask[0]=11111111011111110111111111111111, sa_flags=SA_ONSTACK|SA_RESTART|SA_SIGINFO
SIGBUS: [libjvm.dylib+0x5a6d31], sa_mask[0]=11111111011111110111111111111111, sa_flags=SA_RESTART|SA_SIGINFO
SIGFPE: [libjvm.dylib+0x480a4c], sa_mask[0]=11111111011111110111111111111111, sa_flags=SA_RESTART|SA_SIGINFO
SIGPIPE: [libjvm.dylib+0x480a4c], sa_mask[0]=11111111011111110111111111111111, sa_flags=SA_RESTART|SA_SIGINFO
SIGXFSZ: [libjvm.dylib+0x480a4c], sa_mask[0]=11111111011111110111111111111111, sa_flags=SA_RESTART|SA_SIGINFO
SIGILL: [libjvm.dylib+0x480a4c], sa_mask[0]=11111111011111110111111111111111, sa_flags=SA_RESTART|SA_SIGINFO
SIGUSR1: SIG_DFL, sa_mask[0]=00000000000000000000000000000000, sa_flags=none
SIGUSR2: [libjvm.dylib+0x48056a], sa_mask[0]=00100000000000000000000000000000, sa_flags=SA_RESTART|SA_SIGINFO
SIGHUP: [libjvm.dylib+0x47eb41], sa_mask[0]=11111111011111110111111111111111, sa_flags=SA_RESTART|SA_SIGINFO
SIGINT: [libjvm.dylib+0x47eb41], sa_mask[0]=11111111011111110111111111111111, sa_flags=SA_RESTART|SA_SIGINFO
SIGTERM: [libjvm.dylib+0x47eb41], sa_mask[0]=11111111011111110111111111111111, sa_flags=SA_RESTART|SA_SIGINFO
SIGQUIT: [libjvm.dylib+0x47eb41], sa_mask[0]=11111111011111110111111111111111, sa_flags=SA_RESTART|SA_SIGINFO


---------------  S Y S T E M  ---------------

OS:Bsduname:Darwin 14.5.0 Darwin Kernel Version 14.5.0: Tue Sep  1 21:23:09 PDT 2015; root:xnu-2782.50.1~1/RELEASE_X86_64 x86_64
rlimit: STACK 8192k, CORE 0k, NPROC 709, NOFILE 10240, AS infinity
load average:1.53 1.43 1.49

CPU:total 8 (4 cores per cpu, 2 threads per core) family 6 model 70 stepping 1, cmov, cx8, fxsr, mmx, sse, sse2, sse3, ssse3, sse4.1, sse4.2, popcnt, avx, avx2, aes, clmul, erms, rtm, lzcnt, ht, tsc, tscinvbit, bmi1, bmi2

Memory: 4k page, physical 16777216k(302296k free)

/proc/meminfo:


vm_info: Java HotSpot(TM) 64-Bit Server VM (25.60-b23) for bsd-amd64 JRE (1.8.0_60-b27), built on Aug  4 2015 10:47:24 by "java_re" with gcc 4.2.1 (Based on Apple Inc. build 5658) (LLVM build 2336.11.00)

time: Mon Oct 26 17:21:47 2015
elapsed time: 23 seconds (0d 0h 0m 23s)

