#
# A fatal error has been detected by the Java Runtime Environment:
#
#  SIGILL (0x4) at pc=0x00007fff8eeea2ea, pid=770, tid=56323
#
# JRE version: Java(TM) SE Runtime Environment (8.0_60-b27) (build 1.8.0_60-b27)
# Java VM: Java HotSpot(TM) 64-Bit Server VM (25.60-b23 mixed mode bsd-amd64 compressed oops)
# Problematic frame:
# C  [libobjc.A.dylib+0x122ea]  _objc_trap()+0x0
#
# Failed to write core dump. Core dumps have been disabled. To enable core dumping, try "ulimit -c unlimited" before starting Java again
#
# If you would like to submit a bug report, please visit:
#   http://bugreport.java.com/bugreport/crash.jsp
# The crash happened outside the Java Virtual Machine in native code.
# See problematic frame for where to report the bug.
#

---------------  T H R E A D  ---------------

Current thread (0x00007ff92a2f2800):  JavaThread "AWT-EventQueue-0" [_thread_in_native, id=56323, stack(0x0000000127a86000,0x0000000127b86000)]

siginfo: si_signo: 4 (SIGILL), si_code: 1 (ILL_ILLOPC), si_addr: 0x00007fff8eeea2ea

Registers:
RAX=0x0000000000000000, RBX=0x00007ff930360520, RCX=0x0000000000000000, RDX=0x00007fff73def1e0
RSP=0x0000000127b7fa78, RBP=0x0000000127b7fb60, RSI=0x0000010000000100, RDI=0x0000000000000103
R8 =0x0000000127b7fa20, R9 =0x0000000080000000, R10=0x0000000000000000, R11=0xfffffffff8117710
R12=0x00007fff72ff2070, R13=0x00007fff73df8e80, R14=0x00007fff73df96a8, R15=0x00007ff9284638a8
RIP=0x00007fff8eeea2ea, EFLAGS=0x0000000000010206, ERR=0x0000000000000000
  TRAPNO=0x0000000000000006

Top of Stack: (sp=0x0000000127b7fa78)
0x0000000127b7fa78:   00007fff8eeea42a 00007fff7248c4d0
0x0000000127b7fa88:   00007ff930360520 00007fff869a536f
0x0000000127b7fa98:   00007fff869a536f 0000000000000054
0x0000000127b7faa8:   00007ff930360520 0000000000001410
0x0000000127b7fab8:   0000000000000000 0000000127b7fb20
0x0000000127b7fac8:   00007fff8eeedda1 00007fff73df9690
0x0000000127b7fad8:   00007fff72ff2070 0000000127b7fb40
0x0000000127b7fae8:   00007ff9284638a8 0000000127b7fb20
0x0000000127b7faf8:   00007fff869a536f 00007fff869a536f
0x0000000127b7fb08:   0000000000000000 00007fff729992c8
0x0000000127b7fb18:   00007ff9284638a8 0000000127b7fb60
0x0000000127b7fb28:   00007fff8eeef5ad 00007ff93035c620
0x0000000127b7fb38:   00007ff92846c070 0000003000000018
0x0000000127b7fb48:   0000000127b7fb70 0000000127b7fa80
0x0000000127b7fb58:   00007ff9284638a8 0000000127b7fbd0
0x0000000127b7fb68:   00007fff8eee1c87 4024000000000000
0x0000000127b7fb78:   4043000000000000 0000000000000000
0x0000000127b7fb88:   4024000000000000 4043000000000000
0x0000000127b7fb98:   0000000000000000 9500c3903aefa777
0x0000000127b7fba8:   00007fff73df8e80 0000000000000000
0x0000000127b7fbb8:   00007fff73df8e80 00007ff9284638a8
0x0000000127b7fbc8:   00007fff73df9680 0000000127b7fc30
0x0000000127b7fbd8:   00007fff8eee1ac7 0000000000000810
0x0000000127b7fbe8:   00007ff930360520 0000000000000800
0x0000000127b7fbf8:   00007ff9284638a8 0000000000000000
0x0000000127b7fc08:   0000000000000000 0000000000000000
0x0000000127b7fc18:   000000260000001c 00007ff930360520
0x0000000127b7fc28:   00007ff928463870 0000000127b7fd10
0x0000000127b7fc38:   00007fff8693c83a 0000000000001006
0x0000000127b7fc48:   0000000100a23600 4024000000000000
0x0000000127b7fc58:   0000000000000080 0000000000a1fa00
0x0000000127b7fc68:   0000000100a1c000 0000000000000001 

Instructions: (pc=0x00007fff8eeea2ea)
0x00007fff8eeea2ca:   c0 44 89 f2 e8 1f 08 01 00 48 8b 7d e0 e8 30 cc
0x00007fff8eeea2da:   ff ff 48 8b 7d e0 e8 d3 15 ff ff e8 00 00 00 00
0x00007fff8eeea2ea:   0f 0b 55 48 89 e5 48 81 ec d0 00 00 00 84 c0 74
0x00007fff8eeea2fa:   26 0f 29 85 60 ff ff ff 0f 29 8d 70 ff ff ff 0f 

Register to memory mapping:

RAX=0x0000000000000000 is an unknown value
RBX=0x00007ff930360520 is an unknown value
RCX=0x0000000000000000 is an unknown value
RDX=0x00007fff73def1e0: _ZZL14_objc_crashlogPKcE13crashlog_lock+0x20 in /usr/lib/libobjc.A.dylib at 0x00007fff8eed8000
RSP=0x0000000127b7fa78 is pointing into the stack for thread: 0x00007ff92a2f2800
RBP=0x0000000127b7fb60 is pointing into the stack for thread: 0x00007ff92a2f2800
RSI=0x0000010000000100 is an unknown value
RDI=0x0000000000000103 is an unknown value
R8 =0x0000000127b7fa20 is pointing into the stack for thread: 0x00007ff92a2f2800
R9 =0x0000000080000000 is an unknown value
R10=0x0000000000000000 is an unknown value
R11=0xfffffffff8117710 is an unknown value
R12=0x00007fff72ff2070: __stack_chk_guard+0 in /usr/lib/system/libsystem_c.dylib at 0x00007fff8981a000
R13=0x00007fff73df8e80: _ZN12_GLOBAL__N_19SideTable9table_bufE+0 in /usr/lib/libobjc.A.dylib at 0x00007fff8eed8000
R14=0x00007fff73df96a8: _ZN12_GLOBAL__N_19SideTable9table_bufE+0x828 in /usr/lib/libobjc.A.dylib at 0x00007fff8eed8000
R15=0x00007ff9284638a8 is an unknown value


Stack: [0x0000000127a86000,0x0000000127b86000],  sp=0x0000000127b7fa78,  free space=998k
Native frames: (J=compiled Java code, j=interpreted, Vv=VM code, C=native code)
C  [libobjc.A.dylib+0x122ea]  _objc_trap()+0x0
C  [libobjc.A.dylib+0x9c87]  class_getMethodImplementation+0x0
C  [libobjc.A.dylib+0x9ac7]  objc_storeWeak+0xe9
C  [CoreUI+0xb683a]  csiCompressImageProviderCopyImageBlockSetWithOptions+0x3f0
C  [CoreGraphics+0x3530e]  img_blocks_create+0x1c0
C  [CoreGraphics+0x24275]  img_data_lock+0x750
C  [CoreGraphics+0x22b9e]  CGSImageDataLock+0x97
C  [libRIP.A.dylib+0xda02]  ripc_AcquireImage+0x38a
C  [libRIP.A.dylib+0x15b23]  ripc_DrawImages+0x8a1
C  [CoreGraphics+0x6b2cb]  CGContextDrawImages+0xc0
C  [CoreUI+0x99667]  DrawThreePartImageWithOperation+0xa00
C  [CoreUI+0x98c58]  DrawThreePartElementFromRenditionWithOperation+0xe9
C  [CoreUI+0xa0ac8]  -[CUIThemeFacet _drawSpecificRenditionKey:rendition:inFrame:context:alpha:operation:isFocused:isFlipped:]+0x11f
C  [CoreUI+0xa08bb]  -[CUIThemeFacet _drawSpecificRenditionKey:inFrame:context:isFocused:isFlipped:]+0xa3
C  [CoreUI+0x9ec98]  -[CUIThemeFacet drawInFrame:isFocused:context:]+0x89
C  [CoreUI+0x3a0cc]  CUICoreThemeRenderer::DrawProgressBar(CUIDescriptor const*)+0xa8a
C  [CoreUI+0x35ea9]  CUICoreThemeRenderer::Draw(CUIDescriptor const*, CGAffineTransform, CUIReturnInfo&)+0x195
C  [CoreUI+0x9391]  CUIRenderer::Draw(CGRect, CGContext*, __CFDictionary const*, __CFDictionary const**)+0x8e3
C  [CoreUI+0x45d6e]  CUIDraw+0xd9
C  [JavaRuntimeSupport+0x3cec]  -[_JRSYosemiteAndLaterRenderer draw:inContext:withBounds:]+0x144
C  [JavaRuntimeSupport+0x3866]  JRSUIControlDraw+0x3d
C  [libosxui.dylib+0x2628]  doPaintImage+0x15e
C  [libosxui.dylib+0x279c]  Java_apple_laf_JRSUIControl_paintImage+0x27
J 2895  apple.laf.JRSUIControl.paintImage([IIIJJJDDDD)I (0 bytes) @ 0x0000000103555d26 [0x0000000103555c00+0x126]
J 4056 C2 sun.awt.image.MultiResolutionCachedImage.getResolutionVariant(II)Ljava/awt/Image; (71 bytes) @ 0x00000001035c6bcc [0x00000001035c6300+0x8cc]
J 4332 C2 sun.java2d.SunGraphics2D.drawHiDPIImage(Ljava/awt/Image;IIIIIIIILjava/awt/Color;Ljava/awt/image/ImageObserver;)Z (355 bytes) @ 0x0000000103512d2c [0x00000001035125c0+0x76c]
J 5349 C2 com.apple.laf.AquaPainter.paint(Ljava/awt/Graphics;Ljava/awt/Component;IIII)V (50 bytes) @ 0x000000010390bb4c [0x000000010390b280+0x8cc]
J 5355 C2 com.apple.laf.AquaProgressBarUI.paint(Ljava/awt/Graphics;)V (105 bytes) @ 0x00000001037e26d4 [0x00000001037e25e0+0xf4]
J 5447 C2 javax.swing.plaf.ComponentUI.update(Ljava/awt/Graphics;Ljavax/swing/JComponent;)V (36 bytes) @ 0x0000000103ad2844 [0x0000000103ad2360+0x4e4]
J 4325 C2 javax.swing.JComponent.paintComponent(Ljava/awt/Graphics;)V (44 bytes) @ 0x00000001035ceef4 [0x00000001035cece0+0x214]
J 4321 C2 javax.swing.JComponent.paint(Ljava/awt/Graphics;)V (409 bytes) @ 0x0000000103214008 [0x0000000103213780+0x888]
J 4322 C2 javax.swing.JComponent.paintChildren(Ljava/awt/Graphics;)V (669 bytes) @ 0x00000001035601f0 [0x000000010355fdc0+0x430]
J 4321 C2 javax.swing.JComponent.paint(Ljava/awt/Graphics;)V (409 bytes) @ 0x0000000103214034 [0x0000000103213780+0x8b4]
J 4397 C2 javax.swing.JComponent._paintImmediately(IIII)V (891 bytes) @ 0x0000000103a1a634 [0x0000000103a136c0+0x6f74]
J 4603 C2 javax.swing.RepaintManager$4.run()Ljava/lang/Object; (5 bytes) @ 0x0000000102dd7ae0 [0x0000000102dd7740+0x3a0]
v  ~StubRoutines::call_stub
V  [libjvm.dylib+0x2eab0e]  JavaCalls::call_helper(JavaValue*, methodHandle*, JavaCallArguments*, Thread*)+0x6ae
V  [libjvm.dylib+0x34afd8]  JVM_DoPrivileged+0x4b8
J 830  java.security.AccessController.doPrivileged(Ljava/security/PrivilegedAction;Ljava/security/AccessControlContext;)Ljava/lang/Object; (0 bytes) @ 0x0000000102f70615 [0x0000000102f70540+0xd5]
J 4543 C2 javax.swing.RepaintManager$ProcessingRunnable.run()V (41 bytes) @ 0x00000001035f57dc [0x00000001035f4d00+0xadc]
J 4287 C2 java.awt.EventQueue$3.run()Ljava/lang/Object; (5 bytes) @ 0x0000000102f80738 [0x0000000102f80460+0x2d8]
v  ~StubRoutines::call_stub
V  [libjvm.dylib+0x2eab0e]  JavaCalls::call_helper(JavaValue*, methodHandle*, JavaCallArguments*, Thread*)+0x6ae
V  [libjvm.dylib+0x34afd8]  JVM_DoPrivileged+0x4b8
J 830  java.security.AccessController.doPrivileged(Ljava/security/PrivilegedAction;Ljava/security/AccessControlContext;)Ljava/lang/Object; (0 bytes) @ 0x0000000102f70615 [0x0000000102f70540+0xd5]
J 5747 C2 java.awt.EventDispatchThread.pumpOneEventForFilters(I)V (295 bytes) @ 0x0000000103beb570 [0x0000000103bea480+0x10f0]
J 5229% C2 java.awt.EventDispatchThread.pumpEventsForFilter(ILjava/awt/Conditional;Ljava/awt/EventFilter;)V (47 bytes) @ 0x00000001037a0cfc [0x00000001037a0c00+0xfc]
j  java.awt.EventDispatchThread.pumpEventsForHierarchy(ILjava/awt/Conditional;Ljava/awt/Component;)V+11
j  java.awt.EventDispatchThread.pumpEvents(ILjava/awt/Conditional;)V+4
j  java.awt.EventDispatchThread.pumpEvents(Ljava/awt/Conditional;)V+3
j  java.awt.EventDispatchThread.run()V+9
v  ~StubRoutines::call_stub
V  [libjvm.dylib+0x2eab0e]  JavaCalls::call_helper(JavaValue*, methodHandle*, JavaCallArguments*, Thread*)+0x6ae
V  [libjvm.dylib+0x2eb29c]  JavaCalls::call_virtual(JavaValue*, KlassHandle, Symbol*, Symbol*, JavaCallArguments*, Thread*)+0x164
V  [libjvm.dylib+0x2eb448]  JavaCalls::call_virtual(JavaValue*, Handle, KlassHandle, Symbol*, Symbol*, Thread*)+0x4a
V  [libjvm.dylib+0x345965]  thread_entry(JavaThread*, Thread*)+0x7c
V  [libjvm.dylib+0x5612d3]  JavaThread::thread_main_inner()+0x9b
V  [libjvm.dylib+0x5629ce]  JavaThread::run()+0x1c2
V  [libjvm.dylib+0x48343a]  java_start(Thread*)+0xf6
C  [libsystem_pthread.dylib+0x405a]  _pthread_body+0x83
C  [libsystem_pthread.dylib+0x3fd7]  _pthread_body+0x0
C  [libsystem_pthread.dylib+0x13ed]  thread_start+0xd
C  0x0000000000000000

Java frames: (J=compiled Java code, j=interpreted, Vv=VM code)
J 2895  apple.laf.JRSUIControl.paintImage([IIIJJJDDDD)I (0 bytes) @ 0x0000000103555c64 [0x0000000103555c00+0x64]
J 4056 C2 sun.awt.image.MultiResolutionCachedImage.getResolutionVariant(II)Ljava/awt/Image; (71 bytes) @ 0x00000001035c6bcc [0x00000001035c6300+0x8cc]
J 4332 C2 sun.java2d.SunGraphics2D.drawHiDPIImage(Ljava/awt/Image;IIIIIIIILjava/awt/Color;Ljava/awt/image/ImageObserver;)Z (355 bytes) @ 0x0000000103512d2c [0x00000001035125c0+0x76c]
J 5349 C2 com.apple.laf.AquaPainter.paint(Ljava/awt/Graphics;Ljava/awt/Component;IIII)V (50 bytes) @ 0x000000010390bb4c [0x000000010390b280+0x8cc]
J 5355 C2 com.apple.laf.AquaProgressBarUI.paint(Ljava/awt/Graphics;)V (105 bytes) @ 0x00000001037e26d4 [0x00000001037e25e0+0xf4]
J 5447 C2 javax.swing.plaf.ComponentUI.update(Ljava/awt/Graphics;Ljavax/swing/JComponent;)V (36 bytes) @ 0x0000000103ad2844 [0x0000000103ad2360+0x4e4]
J 4325 C2 javax.swing.JComponent.paintComponent(Ljava/awt/Graphics;)V (44 bytes) @ 0x00000001035ceef4 [0x00000001035cece0+0x214]
J 4321 C2 javax.swing.JComponent.paint(Ljava/awt/Graphics;)V (409 bytes) @ 0x0000000103214008 [0x0000000103213780+0x888]
J 4322 C2 javax.swing.JComponent.paintChildren(Ljava/awt/Graphics;)V (669 bytes) @ 0x00000001035601f0 [0x000000010355fdc0+0x430]
J 4321 C2 javax.swing.JComponent.paint(Ljava/awt/Graphics;)V (409 bytes) @ 0x0000000103214034 [0x0000000103213780+0x8b4]
J 4397 C2 javax.swing.JComponent._paintImmediately(IIII)V (891 bytes) @ 0x0000000103a1a634 [0x0000000103a136c0+0x6f74]
J 4603 C2 javax.swing.RepaintManager$4.run()Ljava/lang/Object; (5 bytes) @ 0x0000000102dd7ae0 [0x0000000102dd7740+0x3a0]
v  ~StubRoutines::call_stub
J 830  java.security.AccessController.doPrivileged(Ljava/security/PrivilegedAction;Ljava/security/AccessControlContext;)Ljava/lang/Object; (0 bytes) @ 0x0000000102f705a3 [0x0000000102f70540+0x63]
J 4543 C2 javax.swing.RepaintManager$ProcessingRunnable.run()V (41 bytes) @ 0x00000001035f57dc [0x00000001035f4d00+0xadc]
J 4287 C2 java.awt.EventQueue$3.run()Ljava/lang/Object; (5 bytes) @ 0x0000000102f80738 [0x0000000102f80460+0x2d8]
v  ~StubRoutines::call_stub
J 830  java.security.AccessController.doPrivileged(Ljava/security/PrivilegedAction;Ljava/security/AccessControlContext;)Ljava/lang/Object; (0 bytes) @ 0x0000000102f705a3 [0x0000000102f70540+0x63]
J 5747 C2 java.awt.EventDispatchThread.pumpOneEventForFilters(I)V (295 bytes) @ 0x0000000103beb570 [0x0000000103bea480+0x10f0]
J 5229% C2 java.awt.EventDispatchThread.pumpEventsForFilter(ILjava/awt/Conditional;Ljava/awt/EventFilter;)V (47 bytes) @ 0x00000001037a0cfc [0x00000001037a0c00+0xfc]
j  java.awt.EventDispatchThread.pumpEventsForHierarchy(ILjava/awt/Conditional;Ljava/awt/Component;)V+11
j  java.awt.EventDispatchThread.pumpEvents(ILjava/awt/Conditional;)V+4
j  java.awt.EventDispatchThread.pumpEvents(Ljava/awt/Conditional;)V+3
j  java.awt.EventDispatchThread.run()V+9
v  ~StubRoutines::call_stub

---------------  P R O C E S S  ---------------

Java Threads: ( => current thread )
  0x00007ff929956800 JavaThread "Keep-Alive-Timer" daemon [_thread_blocked, id=72143, stack(0x0000000126189000,0x0000000126289000)]
  0x00007ff928b0c800 JavaThread "SearchThread_4" [_thread_in_native, id=70403, stack(0x0000000186b14000,0x0000000186c14000)]
  0x00007ff929b93800 JavaThread "SearchThread_3" [_thread_in_native, id=69891, stack(0x0000000186a11000,0x0000000186b11000)]
  0x00007ff929b92800 JavaThread "SearchThread_2" [_thread_in_native, id=68367, stack(0x000000018690e000,0x0000000186a0e000)]
  0x00007ff931087800 JavaThread "SearchThread_1" [_thread_in_native, id=69123, stack(0x000000018678b000,0x000000018688b000)]
  0x00007ff931054800 JavaThread "SearchThread_0" [_thread_in_native, id=68635, stack(0x0000000186688000,0x0000000186788000)]
  0x00007ff929b6c000 JavaThread "Thread-1" [_thread_blocked, id=67775, stack(0x0000000180523000,0x0000000180623000)]
  0x00007ff928815000 JavaThread "DestroyJavaVM" [_thread_blocked, id=4867, stack(0x0000000102b8a000,0x0000000102c8a000)]
  0x00007ff92ba87800 JavaThread "TimerQueue" daemon [_thread_blocked, id=64543, stack(0x0000000177dd3000,0x0000000177ed3000)]
=>0x00007ff92a2f2800 JavaThread "AWT-EventQueue-0" [_thread_in_native, id=56323, stack(0x0000000127a86000,0x0000000127b86000)]
  0x00007ff92891f000 JavaThread "Java2D Disposer" daemon [_thread_blocked, id=53519, stack(0x00000001267f6000,0x00000001268f6000)]
  0x00007ff92a292000 JavaThread "Java2D Queue Flusher" daemon [_thread_blocked, id=53255, stack(0x000000012515e000,0x000000012525e000)]
  0x00007ff92a10a000 JavaThread "AWT-Shutdown" [_thread_blocked, id=30227, stack(0x000000012209d000,0x000000012219d000)]
  0x00007ff92a106800 JavaThread "AppKit Thread" daemon [_thread_in_native, id=1811, stack(0x00007fff5e9ff000,0x00007fff5f1ff000)]
  0x00007ff92b817800 JavaThread "Service Thread" daemon [_thread_blocked, id=20739, stack(0x0000000120606000,0x0000000120706000)]
  0x00007ff92b82c800 JavaThread "C1 CompilerThread3" daemon [_thread_blocked, id=20227, stack(0x0000000120503000,0x0000000120603000)]
  0x00007ff92b824000 JavaThread "C2 CompilerThread2" daemon [_thread_blocked, id=19715, stack(0x0000000120400000,0x0000000120500000)]
  0x00007ff92b823000 JavaThread "C2 CompilerThread1" daemon [_thread_blocked, id=19203, stack(0x00000001202fd000,0x00000001203fd000)]
  0x00007ff928838800 JavaThread "C2 CompilerThread0" daemon [_thread_blocked, id=18691, stack(0x00000001201fa000,0x00000001202fa000)]
  0x00007ff928833800 JavaThread "Signal Dispatcher" daemon [_thread_blocked, id=14615, stack(0x00000001200f7000,0x00000001201f7000)]
  0x00007ff928829800 JavaThread "Finalizer" daemon [_thread_blocked, id=13571, stack(0x000000011e6e8000,0x000000011e7e8000)]
  0x00007ff928829000 JavaThread "Reference Handler" daemon [_thread_blocked, id=13059, stack(0x000000011e5e5000,0x000000011e6e5000)]

Other Threads:
  0x00007ff928826000 VMThread [stack: 0x000000011e4e2000,0x000000011e5e2000] [id=12547]
  0x00007ff92b818000 WatcherThread [stack: 0x0000000120709000,0x0000000120809000] [id=21251]

VM state:not at safepoint (normal execution)

VM Mutex/Monitor currently owned by a thread: None

Heap:
 PSYoungGen      total 33280K, used 16760K [0x000000076ab00000, 0x000000076d800000, 0x00000007c0000000)
  eden space 21504K, 23% used [0x000000076ab00000,0x000000076afe45e8,0x000000076c000000)
  from space 11776K, 99% used [0x000000076c000000,0x000000076cb79c30,0x000000076cb80000)
  to   space 12288K, 0% used [0x000000076cc00000,0x000000076cc00000,0x000000076d800000)
 ParOldGen       total 834560K, used 801927K [0x00000006c0000000, 0x00000006f2f00000, 0x000000076ab00000)
  object space 834560K, 96% used [0x00000006c0000000,0x00000006f0f21d80,0x00000006f2f00000)
 Metaspace       used 22628K, capacity 22966K, committed 23040K, reserved 1069056K
  class space    used 2670K, capacity 2778K, committed 2816K, reserved 1048576K

Card table byte_map: [0x000000011204c000,0x000000011284d000] byte_map_base: 0x000000010ea4c000

Marking Bits: (ParMarkBitMap*) 0x00000001024dee20
 Begin Bits: [0x00000001135bb000, 0x00000001175bb000)
 End Bits:   [0x00000001175bb000, 0x000000011b5bb000)

Polling page: 0x0000000100b5a000

CodeCache: size=245760Kb used=15763Kb max_used=15777Kb free=229996Kb
 bounds [0x0000000102c8c000, 0x0000000103c2c000, 0x0000000111c8c000]
 total_blobs=5069 nmethods=4458 adapters=522
 compilation: enabled

Compilation events (10 events):
Event: 2936.209 Thread 0x00007ff928838800 5794   !   4       java.net.HttpURLConnection::getResponseCode (152 bytes)
Event: 2936.255 Thread 0x00007ff928838800 nmethod 5794 0x000000010380af50 code [0x000000010380b1c0, 0x000000010380d2c8]
Event: 2940.488 Thread 0x00007ff92b823000 5795       4       apple.laf.JRSUIControl::getThreadLocalBuffer (33 bytes)
Event: 2940.490 Thread 0x00007ff92b823000 nmethod 5795 0x0000000103100b90 code [0x0000000103100d00, 0x0000000103100e78]
Event: 2956.417 Thread 0x00007ff92b823000 5796       4       sun.security.ssl.SignatureAlgorithmsExtension::send (78 bytes)
Event: 2956.432 Thread 0x00007ff92b823000 nmethod 5796 0x0000000102f47cd0 code [0x0000000102f47ec0, 0x0000000102f48ee8]
Event: 2967.969 Thread 0x00007ff92b82c800 5797       3       sun.misc.FloatingDecimal$ASCIIToBinaryBuffer::doubleValue (1194 bytes)
Event: 2967.973 Thread 0x00007ff92b82c800 nmethod 5797 0x0000000103c16290 code [0x0000000103c16740, 0x0000000103c18a28]
Event: 2977.573 Thread 0x00007ff928838800 5798       4       sun.security.ssl.ProtocolVersion::compareTo (9 bytes)
Event: 2977.573 Thread 0x00007ff928838800 nmethod 5798 0x00000001030b3b90 code [0x00000001030b3ce0, 0x00000001030b3d78]

GC Heap History (10 events):
Event: 2974.379 GC heap before
{Heap before GC invocations=3680 (full 27):
 PSYoungGen      total 33280K, used 31611K [0x000000076ab00000, 0x000000076d700000, 0x00000007c0000000)
  eden space 21504K, 100% used [0x000000076ab00000,0x000000076c000000,0x000000076c000000)
  from space 11776K, 85% used [0x000000076cb80000,0x000000076d55ee40,0x000000076d700000)
  to   space 11776K, 0% used [0x000000076c000000,0x000000076c000000,0x000000076cb80000)
 ParOldGen       total 834560K, used 799711K [0x00000006c0000000, 0x00000006f2f00000, 0x000000076ab00000)
  object space 834560K, 95% used [0x00000006c0000000,0x00000006f0cf7d10,0x00000006f2f00000)
 Metaspace       used 22628K, capacity 22966K, committed 23040K, reserved 1069056K
  class space    used 2670K, capacity 2778K, committed 2816K, reserved 1048576K
Event: 2974.383 GC heap after
Heap after GC invocations=3680 (full 27):
 PSYoungGen      total 33280K, used 10399K [0x000000076ab00000, 0x000000076d700000, 0x00000007c0000000)
  eden space 21504K, 0% used [0x000000076ab00000,0x000000076ab00000,0x000000076c000000)
  from space 11776K, 88% used [0x000000076c000000,0x000000076ca27fd0,0x000000076cb80000)
  to   space 11776K, 0% used [0x000000076cb80000,0x000000076cb80000,0x000000076d700000)
 ParOldGen       total 834560K, used 800064K [0x00000006c0000000, 0x00000006f2f00000, 0x000000076ab00000)
  object space 834560K, 95% used [0x00000006c0000000,0x00000006f0d501c0,0x00000006f2f00000)
 Metaspace       used 22628K, capacity 22966K, committed 23040K, reserved 1069056K
  class space    used 2670K, capacity 2778K, committed 2816K, reserved 1048576K
}
Event: 2975.252 GC heap before
{Heap before GC invocations=3681 (full 27):
 PSYoungGen      total 33280K, used 31900K [0x000000076ab00000, 0x000000076d700000, 0x00000007c0000000)
  eden space 21504K, 99% used [0x000000076ab00000,0x000000076bfff238,0x000000076c000000)
  from space 11776K, 88% used [0x000000076c000000,0x000000076ca27fd0,0x000000076cb80000)
  to   space 11776K, 0% used [0x000000076cb80000,0x000000076cb80000,0x000000076d700000)
 ParOldGen       total 834560K, used 800064K [0x00000006c0000000, 0x00000006f2f00000, 0x000000076ab00000)
  object space 834560K, 95% used [0x00000006c0000000,0x00000006f0d501c0,0x00000006f2f00000)
 Metaspace       used 22628K, capacity 22966K, committed 23040K, reserved 1069056K
  class space    used 2670K, capacity 2778K, committed 2816K, reserved 1048576K
Event: 2975.255 GC heap after
Heap after GC invocations=3681 (full 27):
 PSYoungGen      total 33280K, used 10763K [0x000000076ab00000, 0x000000076d700000, 0x00000007c0000000)
  eden space 21504K, 0% used [0x000000076ab00000,0x000000076ab00000,0x000000076c000000)
  from space 11776K, 91% used [0x000000076cb80000,0x000000076d602dc0,0x000000076d700000)
  to   space 11776K, 0% used [0x000000076c000000,0x000000076c000000,0x000000076cb80000)
 ParOldGen       total 834560K, used 800426K [0x00000006c0000000, 0x00000006f2f00000, 0x000000076ab00000)
  object space 834560K, 95% used [0x00000006c0000000,0x00000006f0daa9e0,0x00000006f2f00000)
 Metaspace       used 22628K, capacity 22966K, committed 23040K, reserved 1069056K
  class space    used 2670K, capacity 2778K, committed 2816K, reserved 1048576K
}
Event: 2976.105 GC heap before
{Heap before GC invocations=3682 (full 27):
 PSYoungGen      total 33280K, used 32147K [0x000000076ab00000, 0x000000076d700000, 0x00000007c0000000)
  eden space 21504K, 99% used [0x000000076ab00000,0x000000076bfe1ff0,0x000000076c000000)
  from space 11776K, 91% used [0x000000076cb80000,0x000000076d602dc0,0x000000076d700000)
  to   space 11776K, 0% used [0x000000076c000000,0x000000076c000000,0x000000076cb80000)
 ParOldGen       total 834560K, used 800426K [0x00000006c0000000, 0x00000006f2f00000, 0x000000076ab00000)
  object space 834560K, 95% used [0x00000006c0000000,0x00000006f0daa9e0,0x00000006f2f00000)
 Metaspace       used 22628K, capacity 22966K, committed 23040K, reserved 1069056K
  class space    used 2670K, capacity 2778K, committed 2816K, reserved 1048576K
Event: 2976.110 GC heap after
Heap after GC invocations=3682 (full 27):
 PSYoungGen      total 33280K, used 10651K [0x000000076ab00000, 0x000000076d700000, 0x00000007c0000000)
  eden space 21504K, 0% used [0x000000076ab00000,0x000000076ab00000,0x000000076c000000)
  from space 11776K, 90% used [0x000000076c000000,0x000000076ca66ec0,0x000000076cb80000)
  to   space 11776K, 0% used [0x000000076cb80000,0x000000076cb80000,0x000000076d700000)
 ParOldGen       total 834560K, used 800839K [0x00000006c0000000, 0x00000006f2f00000, 0x000000076ab00000)
  object space 834560K, 95% used [0x00000006c0000000,0x00000006f0e11ea0,0x00000006f2f00000)
 Metaspace       used 22628K, capacity 22966K, committed 23040K, reserved 1069056K
  class space    used 2670K, capacity 2778K, committed 2816K, reserved 1048576K
}
Event: 2976.924 GC heap before
{Heap before GC invocations=3683 (full 27):
 PSYoungGen      total 33280K, used 32056K [0x000000076ab00000, 0x000000076d700000, 0x00000007c0000000)
  eden space 21504K, 99% used [0x000000076ab00000,0x000000076bfe7360,0x000000076c000000)
  from space 11776K, 90% used [0x000000076c000000,0x000000076ca66ec0,0x000000076cb80000)
  to   space 11776K, 0% used [0x000000076cb80000,0x000000076cb80000,0x000000076d700000)
 ParOldGen       total 834560K, used 800839K [0x00000006c0000000, 0x00000006f2f00000, 0x000000076ab00000)
  object space 834560K, 95% used [0x00000006c0000000,0x00000006f0e11ea0,0x00000006f2f00000)
 Metaspace       used 22628K, capacity 22966K, committed 23040K, reserved 1069056K
  class space    used 2670K, capacity 2778K, committed 2816K, reserved 1048576K
Event: 2976.928 GC heap after
Heap after GC invocations=3683 (full 27):
 PSYoungGen      total 33280K, used 10986K [0x000000076ab00000, 0x000000076d700000, 0x00000007c0000000)
  eden space 21504K, 0% used [0x000000076ab00000,0x000000076ab00000,0x000000076c000000)
  from space 11776K, 93% used [0x000000076cb80000,0x000000076d63aae0,0x000000076d700000)
  to   space 11776K, 0% used [0x000000076c000000,0x000000076c000000,0x000000076cb80000)
 ParOldGen       total 834560K, used 801293K [0x00000006c0000000, 0x00000006f2f00000, 0x000000076ab00000)
  object space 834560K, 96% used [0x00000006c0000000,0x00000006f0e837f0,0x00000006f2f00000)
 Metaspace       used 22628K, capacity 22966K, committed 23040K, reserved 1069056K
  class space    used 2670K, capacity 2778K, committed 2816K, reserved 1048576K
}
Event: 2977.720 GC heap before
{Heap before GC invocations=3684 (full 27):
 PSYoungGen      total 33280K, used 32490K [0x000000076ab00000, 0x000000076d700000, 0x00000007c0000000)
  eden space 21504K, 100% used [0x000000076ab00000,0x000000076c000000,0x000000076c000000)
  from space 11776K, 93% used [0x000000076cb80000,0x000000076d63aae0,0x000000076d700000)
  to   space 11776K, 0% used [0x000000076c000000,0x000000076c000000,0x000000076cb80000)
 ParOldGen       total 834560K, used 801293K [0x00000006c0000000, 0x00000006f2f00000, 0x000000076ab00000)
  object space 834560K, 96% used [0x00000006c0000000,0x00000006f0e837f0,0x00000006f2f00000)
 Metaspace       used 22628K, capacity 22966K, committed 23040K, reserved 1069056K
  class space    used 2670K, capacity 2778K, committed 2816K, reserved 1048576K
Event: 2977.723 GC heap after
Heap after GC invocations=3684 (full 27):
 PSYoungGen      total 33280K, used 11751K [0x000000076ab00000, 0x000000076d800000, 0x00000007c0000000)
  eden space 21504K, 0% used [0x000000076ab00000,0x000000076ab00000,0x000000076c000000)
  from space 11776K, 99% used [0x000000076c000000,0x000000076cb79c30,0x000000076cb80000)
  to   space 12288K, 0% used [0x000000076cc00000,0x000000076cc00000,0x000000076d800000)
 ParOldGen       total 834560K, used 801927K [0x00000006c0000000, 0x00000006f2f00000, 0x000000076ab00000)
  object space 834560K, 96% used [0x00000006c0000000,0x00000006f0f21d80,0x00000006f2f00000)
 Metaspace       used 22628K, capacity 22966K, committed 23040K, reserved 1069056K
  class space    used 2670K, capacity 2778K, committed 2816K, reserved 1048576K
}

Deoptimization events (10 events):
Event: 2185.956 Thread 0x00007ff928b0c800 Uncommon trap: reason=unstable_if action=reinterpret pc=0x000000010380af50 method=com.fasterxml.jackson.core.util.TextBuffer.releaseBuffers()V @ 18
Event: 2336.709 Thread 0x00007ff929b92800 Uncommon trap: reason=unstable_if action=reinterpret pc=0x0000000103976518 method=java.util.concurrent.locks.ReentrantLock$Sync.nonfairTryAcquire(I)Z @ 19
Event: 2600.288 Thread 0x00007ff92a2f2800 Uncommon trap: reason=unstable_if action=reinterpret pc=0x00000001034d0b60 method=java.util.concurrent.locks.AbstractQueuedSynchronizer.isOnSyncQueue(Ljava/util/concurrent/locks/AbstractQueuedSynchronizer$Node;)Z @ 22
Event: 2644.310 Thread 0x00007ff92a2f2800 Uncommon trap: reason=unstable_if action=reinterpret pc=0x00000001034f2b08 method=java.util.concurrent.locks.AbstractQueuedSynchronizer.isOnSyncQueue(Ljava/util/concurrent/locks/AbstractQueuedSynchronizer$Node;)Z @ 22
Event: 2892.775 Thread 0x00007ff931087800 Uncommon trap: reason=unloaded action=reinterpret pc=0x00000001033c7c7c method=sun.net.www.http.HttpClient.parseHTTP(Lsun/net/www/MessageHeader;Lsun/net/ProgressSource;Lsun/net/www/protocol/http/HttpURLConnection;)Z @ 60
Event: 2892.775 Thread 0x00007ff931087800 Uncommon trap: reason=unstable_if action=reinterpret pc=0x00000001038e7e80 method=sun.net.www.http.HttpClient.isKeepingAlive()Z @ 11
Event: 2892.775 Thread 0x00007ff931087800 Uncommon trap: reason=unstable_if action=reinterpret pc=0x000000010361e640 method=sun.net.www.MessageHeader.getKey(I)Ljava/lang/String; @ 9
Event: 2892.775 Thread 0x00007ff931087800 Uncommon trap: reason=unstable_if action=reinterpret pc=0x0000000103807f50 method=sun.net.www.protocol.http.HttpURLConnection.filterHeaderField(Ljava/lang/String;Ljava/lang/String;)Ljava/lang/String; @ 1
Event: 2913.261 Thread 0x00007ff931054800 Uncommon trap: reason=unstable_if action=reinterpret pc=0x00000001039575dc method=java.io.BufferedWriter.flushBuffer()V @ 15
Event: 2954.353 Thread 0x00007ff929b92800 Uncommon trap: reason=unstable_if action=reinterpret pc=0x00000001036688ec method=sun.misc.FloatingDecimal$ASCIIToBinaryBuffer.doubleValue()D @ 149

Internal exceptions (10 events):
Event: 0.267 Thread 0x00007ff928815000 Exception <a 'java/io/FileNotFoundException'> (0x000000076b097228) thrown at [/Users/java_re/workspace/8-2-build-macosx-x86_64/jdk8u60/4407/hotspot/src/share/vm/prims/jni.cpp, line 709]
Event: 1.418 Thread 0x00007ff928815000 Exception <a 'java/lang/NullPointerException'> (0x000000076b757050) thrown at [/Users/java_re/workspace/8-2-build-macosx-x86_64/jdk8u60/4407/hotspot/src/share/vm/prims/jni.cpp, line 735]
Event: 2.433 Thread 0x00007ff928815000 Exception <a 'java/lang/ArrayIndexOutOfBoundsException'> (0x000000076d1b6a10) thrown at [/Users/java_re/workspace/8-2-build-macosx-x86_64/jdk8u60/4407/hotspot/src/share/vm/runtime/sharedRuntime.cpp, line 605]
Event: 2.433 Thread 0x00007ff928815000 Exception <a 'java/lang/ArrayIndexOutOfBoundsException'> (0x000000076d1b7918) thrown at [/Users/java_re/workspace/8-2-build-macosx-x86_64/jdk8u60/4407/hotspot/src/share/vm/runtime/sharedRuntime.cpp, line 605]
Event: 2.434 Thread 0x00007ff928815000 Exception <a 'java/lang/ArrayIndexOutOfBoundsException'> (0x000000076d1b9170) thrown at [/Users/java_re/workspace/8-2-build-macosx-x86_64/jdk8u60/4407/hotspot/src/share/vm/runtime/sharedRuntime.cpp, line 605]
Event: 2.434 Thread 0x00007ff928815000 Exception <a 'java/lang/ArrayIndexOutOfBoundsException'> (0x000000076d1b9f48) thrown at [/Users/java_re/workspace/8-2-build-macosx-x86_64/jdk8u60/4407/hotspot/src/share/vm/runtime/sharedRuntime.cpp, line 605]
Event: 14.106 Thread 0x00007ff92a2f2800 Implicit null exception at 0x00000001032d2f34 to 0x00000001032d3f1d
Event: 1140.507 Thread 0x00007ff92a2f2800 Implicit null exception at 0x0000000103a67a9c to 0x0000000103a6a0d1
Event: 1802.997 Thread 0x00007ff928b0c800 Implicit null exception at 0x0000000103559fa0 to 0x000000010355bbb1
Event: 2892.774 Thread 0x00007ff931087800 Exception <a 'java/net/SocketTimeoutException': Read timed out> (0x000000076b2e9ae0) thrown at [/Users/java_re/workspace/8-2-build-macosx-x86_64/jdk8u60/4407/hotspot/src/share/vm/prims/jni.cpp, line 735]

Events (10 events):
Event: 2977.461 Thread 0x00007ff93204c800 Thread exited: 0x00007ff93204c800
Event: 2977.492 Thread 0x00007ff932ab5800 Thread added: 0x00007ff932ab5800
Event: 2977.492 Thread 0x00007ff932ab5800 Thread exited: 0x00007ff932ab5800
Event: 2977.573 Thread 0x00007ff928838800 flushing nmethod 0x00000001032e6f50
Event: 2977.586 Thread 0x00007ff929b85800 Thread added: 0x00007ff929b85800
Event: 2977.586 Thread 0x00007ff929b85800 Thread exited: 0x00007ff929b85800
Event: 2977.720 Executing VM operation: ParallelGCFailedAllocation
Event: 2977.723 Executing VM operation: ParallelGCFailedAllocation done
Event: 2977.878 Thread 0x00007ff932b41800 Thread added: 0x00007ff932b41800
Event: 2977.878 Thread 0x00007ff932b41800 Thread exited: 0x00007ff932b41800


Dynamic libraries:
0x0000000001d37000 	/System/Library/Frameworks/Cocoa.framework/Versions/A/Cocoa
0x0000000001d37000 	/System/Library/Frameworks/Security.framework/Versions/A/Security
0x0000000001d37000 	/System/Library/Frameworks/ApplicationServices.framework/Versions/A/ApplicationServices
0x0000000001d37000 	/usr/lib/libz.1.dylib
0x0000000001d37000 	/usr/lib/libSystem.B.dylib
0x0000000001d37000 	/usr/lib/libobjc.A.dylib
0x0000000001d37000 	/System/Library/Frameworks/CoreFoundation.framework/Versions/A/CoreFoundation
0x0000000001d37000 	/System/Library/Frameworks/Foundation.framework/Versions/C/Foundation
0x0000000001d37000 	/System/Library/Frameworks/AppKit.framework/Versions/C/AppKit
0x0000000001d37000 	/System/Library/Frameworks/CoreData.framework/Versions/A/CoreData
0x0000000001d37000 	/System/Library/PrivateFrameworks/RemoteViewServices.framework/Versions/A/RemoteViewServices
0x0000000001d37000 	/System/Library/PrivateFrameworks/UIFoundation.framework/Versions/A/UIFoundation
0x0000000001d37000 	/System/Library/Frameworks/IOSurface.framework/Versions/A/IOSurface
0x0000000001d37000 	/System/Library/Frameworks/AudioToolbox.framework/Versions/A/AudioToolbox
0x0000000001d37000 	/System/Library/Frameworks/AudioUnit.framework/Versions/A/AudioUnit
0x0000000001d37000 	/System/Library/PrivateFrameworks/DataDetectorsCore.framework/Versions/A/DataDetectorsCore
0x0000000001d37000 	/System/Library/PrivateFrameworks/DesktopServicesPriv.framework/Versions/A/DesktopServicesPriv
0x0000000001d37000 	/System/Library/Frameworks/Carbon.framework/Versions/A/Frameworks/HIToolbox.framework/Versions/A/HIToolbox
0x0000000001d37000 	/System/Library/Frameworks/QuartzCore.framework/Versions/A/QuartzCore
0x0000000001d37000 	/System/Library/Frameworks/Carbon.framework/Versions/A/Frameworks/SpeechRecognition.framework/Versions/A/SpeechRecognition
0x0000000001d37000 	/usr/lib/libauto.dylib
0x0000000001d37000 	/usr/lib/libicucore.A.dylib
0x0000000001d37000 	/usr/lib/libxml2.2.dylib
0x0000000001d37000 	/System/Library/PrivateFrameworks/CoreUI.framework/Versions/A/CoreUI
0x0000000001d37000 	/System/Library/Frameworks/CoreAudio.framework/Versions/A/CoreAudio
0x0000000001d37000 	/System/Library/Frameworks/DiskArbitration.framework/Versions/A/DiskArbitration
0x0000000001d37000 	/usr/lib/liblangid.dylib
0x0000000001d37000 	/System/Library/PrivateFrameworks/MultitouchSupport.framework/Versions/A/MultitouchSupport
0x0000000001d37000 	/System/Library/Frameworks/IOKit.framework/Versions/A/IOKit
0x0000000001d37000 	/usr/lib/libDiagnosticMessagesClient.dylib
0x0000000001d37000 	/System/Library/Frameworks/CoreServices.framework/Versions/A/CoreServices
0x0000000001d37000 	/System/Library/PrivateFrameworks/PerformanceAnalysis.framework/Versions/A/PerformanceAnalysis
0x0000000001d37000 	/System/Library/PrivateFrameworks/GenerationalStorage.framework/Versions/A/GenerationalStorage
0x0000000001d37000 	/System/Library/Frameworks/OpenGL.framework/Versions/A/OpenGL
0x0000000001d37000 	/System/Library/PrivateFrameworks/Sharing.framework/Versions/A/Sharing
0x0000000001d37000 	/System/Library/Frameworks/CoreGraphics.framework/Versions/A/CoreGraphics
0x0000000001d37000 	/System/Library/Frameworks/CoreText.framework/Versions/A/CoreText
0x0000000001d37000 	/System/Library/Frameworks/ImageIO.framework/Versions/A/ImageIO
0x0000000001d37000 	/usr/lib/libextension.dylib
0x0000000001d37000 	/System/Library/PrivateFrameworks/Backup.framework/Versions/A/Backup
0x0000000001d37000 	/usr/lib/libarchive.2.dylib
0x0000000001d37000 	/System/Library/Frameworks/CFNetwork.framework/Versions/A/CFNetwork
0x0000000001d37000 	/System/Library/Frameworks/SystemConfiguration.framework/Versions/A/SystemConfiguration
0x0000000001d37000 	/usr/lib/libCRFSuite.dylib
0x0000000001d37000 	/usr/lib/libc++.1.dylib
0x0000000001d37000 	/usr/lib/libc++abi.dylib
0x0000000001d37000 	/usr/lib/system/libcache.dylib
0x0000000001d37000 	/usr/lib/system/libcommonCrypto.dylib
0x0000000001d37000 	/usr/lib/system/libcompiler_rt.dylib
0x0000000001d37000 	/usr/lib/system/libcopyfile.dylib
0x0000000001d37000 	/usr/lib/system/libcorecrypto.dylib
0x0000000001d37000 	/usr/lib/system/libdispatch.dylib
0x0000000001d37000 	/usr/lib/system/libdyld.dylib
0x0000000001d37000 	/usr/lib/system/libkeymgr.dylib
0x0000000001d37000 	/usr/lib/system/liblaunch.dylib
0x0000000001d37000 	/usr/lib/system/libmacho.dylib
0x0000000001d37000 	/usr/lib/system/libquarantine.dylib
0x0000000001d37000 	/usr/lib/system/libremovefile.dylib
0x0000000001d37000 	/usr/lib/system/libsystem_asl.dylib
0x0000000001d37000 	/usr/lib/system/libsystem_blocks.dylib
0x0000000001d37000 	/usr/lib/system/libsystem_c.dylib
0x0000000001d37000 	/usr/lib/system/libsystem_configuration.dylib
0x0000000001d37000 	/usr/lib/system/libsystem_coreservices.dylib
0x0000000001d37000 	/usr/lib/system/libsystem_coretls.dylib
0x0000000001d37000 	/usr/lib/system/libsystem_dnssd.dylib
0x0000000001d37000 	/usr/lib/system/libsystem_info.dylib
0x0000000001d37000 	/usr/lib/system/libsystem_kernel.dylib
0x0000000001d37000 	/usr/lib/system/libsystem_m.dylib
0x0000000001d37000 	/usr/lib/system/libsystem_malloc.dylib
0x0000000001d37000 	/usr/lib/system/libsystem_network.dylib
0x0000000001d37000 	/usr/lib/system/libsystem_networkextension.dylib
0x0000000001d37000 	/usr/lib/system/libsystem_notify.dylib
0x0000000001d37000 	/usr/lib/system/libsystem_platform.dylib
0x0000000001d37000 	/usr/lib/system/libsystem_pthread.dylib
0x0000000001d37000 	/usr/lib/system/libsystem_sandbox.dylib
0x0000000001d37000 	/usr/lib/system/libsystem_secinit.dylib
0x0000000001d37000 	/usr/lib/system/libsystem_stats.dylib
0x0000000001d37000 	/usr/lib/system/libsystem_trace.dylib
0x0000000001d37000 	/usr/lib/system/libunc.dylib
0x0000000001d37000 	/usr/lib/system/libunwind.dylib
0x0000000001d37000 	/usr/lib/system/libxpc.dylib
0x0000000001d37000 	/usr/lib/libbz2.1.0.dylib
0x0000000001d37000 	/usr/lib/liblzma.5.dylib
0x0000000001d37000 	/usr/lib/libbsm.0.dylib
0x0000000001d37000 	/usr/lib/libsqlite3.dylib
0x0000000001d37000 	/usr/lib/system/libkxld.dylib
0x0000000001d37000 	/usr/lib/libxar.1.dylib
0x0000000001d37000 	/usr/lib/libpam.2.dylib
0x0000000001d37000 	/usr/lib/libOpenScriptingUtil.dylib
0x0000000001d37000 	/System/Library/Frameworks/CoreServices.framework/Versions/A/Frameworks/FSEvents.framework/Versions/A/FSEvents
0x0000000001d37000 	/System/Library/Frameworks/CoreServices.framework/Versions/A/Frameworks/CarbonCore.framework/Versions/A/CarbonCore
0x0000000001d37000 	/System/Library/Frameworks/CoreServices.framework/Versions/A/Frameworks/Metadata.framework/Versions/A/Metadata
0x0000000001d37000 	/System/Library/Frameworks/CoreServices.framework/Versions/A/Frameworks/OSServices.framework/Versions/A/OSServices
0x0000000001d37000 	/System/Library/Frameworks/CoreServices.framework/Versions/A/Frameworks/SearchKit.framework/Versions/A/SearchKit
0x0000000001d37000 	/System/Library/Frameworks/CoreServices.framework/Versions/A/Frameworks/AE.framework/Versions/A/AE
0x0000000001d37000 	/System/Library/Frameworks/CoreServices.framework/Versions/A/Frameworks/LaunchServices.framework/Versions/A/LaunchServices
0x0000000001d37000 	/System/Library/Frameworks/CoreServices.framework/Versions/A/Frameworks/DictionaryServices.framework/Versions/A/DictionaryServices
0x0000000001d37000 	/System/Library/Frameworks/NetFS.framework/Versions/A/NetFS
0x0000000001d37000 	/System/Library/PrivateFrameworks/NetAuth.framework/Versions/A/NetAuth
0x0000000001d37000 	/System/Library/PrivateFrameworks/login.framework/Versions/A/Frameworks/loginsupport.framework/Versions/A/loginsupport
0x0000000001d37000 	/System/Library/PrivateFrameworks/TCC.framework/Versions/A/TCC
0x0000000001d37000 	/usr/lib/libmecabra.dylib
0x0000000001d37000 	/System/Library/Frameworks/ApplicationServices.framework/Versions/A/Frameworks/ATS.framework/Versions/A/ATS
0x0000000001d37000 	/System/Library/Frameworks/ApplicationServices.framework/Versions/A/Frameworks/ColorSync.framework/Versions/A/ColorSync
0x0000000001d37000 	/System/Library/Frameworks/ApplicationServices.framework/Versions/A/Frameworks/HIServices.framework/Versions/A/HIServices
0x0000000001d37000 	/System/Library/Frameworks/ApplicationServices.framework/Versions/A/Frameworks/LangAnalysis.framework/Versions/A/LangAnalysis
0x0000000001d37000 	/System/Library/Frameworks/ApplicationServices.framework/Versions/A/Frameworks/PrintCore.framework/Versions/A/PrintCore
0x0000000001d37000 	/System/Library/Frameworks/ApplicationServices.framework/Versions/A/Frameworks/QD.framework/Versions/A/QD
0x0000000001d37000 	/System/Library/Frameworks/ApplicationServices.framework/Versions/A/Frameworks/SpeechSynthesis.framework/Versions/A/SpeechSynthesis
0x0000000001d37000 	/System/Library/Frameworks/Accelerate.framework/Versions/A/Accelerate
0x0000000001d37000 	/System/Library/Frameworks/Accelerate.framework/Versions/A/Frameworks/vImage.framework/Versions/A/vImage
0x0000000001d37000 	/System/Library/Frameworks/Accelerate.framework/Versions/A/Frameworks/vecLib.framework/Versions/A/vecLib
0x0000000001d37000 	/System/Library/Frameworks/Accelerate.framework/Versions/A/Frameworks/vecLib.framework/Versions/A/libvDSP.dylib
0x0000000001d37000 	/System/Library/Frameworks/Accelerate.framework/Versions/A/Frameworks/vecLib.framework/Versions/A/libvMisc.dylib
0x0000000001d37000 	/System/Library/Frameworks/Accelerate.framework/Versions/A/Frameworks/vecLib.framework/Versions/A/libLAPACK.dylib
0x0000000001d37000 	/System/Library/Frameworks/Accelerate.framework/Versions/A/Frameworks/vecLib.framework/Versions/A/libBLAS.dylib
0x0000000001d37000 	/System/Library/Frameworks/Accelerate.framework/Versions/A/Frameworks/vecLib.framework/Versions/A/libLinearAlgebra.dylib
0x0000000001d37000 	/System/Library/Frameworks/ApplicationServices.framework/Versions/A/Frameworks/ATS.framework/Versions/A/Resources/libFontParser.dylib
0x0000000001d37000 	/System/Library/Frameworks/ApplicationServices.framework/Versions/A/Frameworks/ATS.framework/Versions/A/Resources/libFontRegistry.dylib
0x0000000001d37000 	/System/Library/PrivateFrameworks/AppleVPA.framework/Versions/A/AppleVPA
0x0000000001d37000 	/System/Library/PrivateFrameworks/AppleJPEG.framework/Versions/A/AppleJPEG
0x0000000001d37000 	/System/Library/Frameworks/ImageIO.framework/Versions/A/Resources/libJPEG.dylib
0x0000000001d37000 	/System/Library/Frameworks/ImageIO.framework/Versions/A/Resources/libTIFF.dylib
0x0000000001d37000 	/System/Library/Frameworks/ImageIO.framework/Versions/A/Resources/libPng.dylib
0x0000000001d37000 	/System/Library/Frameworks/ImageIO.framework/Versions/A/Resources/libGIF.dylib
0x0000000001d37000 	/System/Library/Frameworks/ImageIO.framework/Versions/A/Resources/libJP2.dylib
0x0000000001d37000 	/System/Library/Frameworks/ImageIO.framework/Versions/A/Resources/libRadiance.dylib
0x0000000001d37000 	/System/Library/Frameworks/CoreVideo.framework/Versions/A/CoreVideo
0x0000000001d37000 	/System/Library/Frameworks/OpenGL.framework/Versions/A/Libraries/libGLU.dylib
0x0000000001d37000 	/System/Library/Frameworks/OpenGL.framework/Versions/A/Libraries/libGFXShared.dylib
0x0000000001d37000 	/System/Library/Frameworks/OpenGL.framework/Versions/A/Libraries/libGL.dylib
0x0000000001d37000 	/System/Library/Frameworks/OpenGL.framework/Versions/A/Libraries/libGLImage.dylib
0x0000000001d37000 	/System/Library/Frameworks/OpenGL.framework/Versions/A/Libraries/libCVMSPluginSupport.dylib
0x0000000001d37000 	/System/Library/Frameworks/OpenGL.framework/Versions/A/Libraries/libCoreVMClient.dylib
0x0000000001d37000 	/usr/lib/libcups.2.dylib
0x0000000001d37000 	/System/Library/Frameworks/Kerberos.framework/Versions/A/Kerberos
0x0000000001d37000 	/System/Library/Frameworks/GSS.framework/Versions/A/GSS
0x0000000001d37000 	/usr/lib/libresolv.9.dylib
0x0000000001d37000 	/usr/lib/libiconv.2.dylib
0x0000000001d37000 	/System/Library/PrivateFrameworks/Heimdal.framework/Versions/A/Heimdal
0x0000000001d37000 	/usr/lib/libheimdal-asn1.dylib
0x0000000001d37000 	/System/Library/Frameworks/OpenDirectory.framework/Versions/A/OpenDirectory
0x0000000001d37000 	/System/Library/PrivateFrameworks/CommonAuth.framework/Versions/A/CommonAuth
0x0000000001d37000 	/System/Library/Frameworks/OpenDirectory.framework/Versions/A/Frameworks/CFOpenDirectory.framework/Versions/A/CFOpenDirectory
0x0000000001d37000 	/System/Library/Frameworks/SecurityFoundation.framework/Versions/A/SecurityFoundation
0x0000000001d37000 	/System/Library/PrivateFrameworks/LanguageModeling.framework/Versions/A/LanguageModeling
0x0000000001d37000 	/usr/lib/libcmph.dylib
0x0000000001d37000 	/System/Library/Frameworks/ServiceManagement.framework/Versions/A/ServiceManagement
0x0000000001d37000 	/usr/lib/libxslt.1.dylib
0x0000000001d37000 	/System/Library/Frameworks/Carbon.framework/Versions/A/Frameworks/Ink.framework/Versions/A/Ink
0x0000000001d37000 	/System/Library/Frameworks/QuartzCore.framework/Versions/A/Frameworks/CoreImage.framework/Versions/A/CoreImage
0x0000000001d37000 	/System/Library/PrivateFrameworks/CrashReporterSupport.framework/Versions/A/CrashReporterSupport
0x0000000001d37000 	/System/Library/Frameworks/OpenCL.framework/Versions/A/OpenCL
0x0000000001d37000 	/System/Library/PrivateFrameworks/FaceCore.framework/Versions/A/FaceCore
0x0000000001d37000 	/System/Library/PrivateFrameworks/Ubiquity.framework/Versions/A/Ubiquity
0x0000000001d37000 	/System/Library/PrivateFrameworks/IconServices.framework/Versions/A/IconServices
0x0000000001d37000 	/System/Library/PrivateFrameworks/ChunkingLibrary.framework/Versions/A/ChunkingLibrary
0x0000000001d37000 	/System/Library/PrivateFrameworks/Apple80211.framework/Versions/A/Apple80211
0x0000000001d37000 	/System/Library/Frameworks/CoreWLAN.framework/Versions/A/CoreWLAN
0x0000000001d37000 	/System/Library/Frameworks/IOBluetooth.framework/Versions/A/IOBluetooth
0x0000000001d37000 	/System/Library/PrivateFrameworks/CoreWiFi.framework/Versions/A/CoreWiFi
0x0000000001d37000 	/System/Library/Frameworks/CoreBluetooth.framework/Versions/A/CoreBluetooth
0x0000000001d37000 	/System/Library/PrivateFrameworks/DebugSymbols.framework/Versions/A/DebugSymbols
0x0000000001d37000 	/System/Library/PrivateFrameworks/CoreSymbolication.framework/Versions/A/CoreSymbolication
0x0000000001d37000 	/System/Library/PrivateFrameworks/Symbolication.framework/Versions/A/Symbolication
0x0000000001d37000 	/System/Library/PrivateFrameworks/SpeechRecognitionCore.framework/Versions/A/SpeechRecognitionCore
0x0000000101c00000 	/Library/Java/JavaVirtualMachines/jdk1.8.0_60.jdk/Contents/Home/jre/lib/server/libjvm.dylib
0x0000000001d37000 	/usr/lib/libstdc++.6.dylib
0x0000000100b17000 	/Library/Java/JavaVirtualMachines/jdk1.8.0_60.jdk/Contents/Home/jre/lib/libverify.dylib
0x0000000100b25000 	/Library/Java/JavaVirtualMachines/jdk1.8.0_60.jdk/Contents/Home/jre/lib/libjava.dylib
0x0000000100b64000 	/Library/Java/JavaVirtualMachines/jdk1.8.0_60.jdk/Contents/Home/jre/lib/libzip.dylib
0x000000011e7ea000 	/System/Library/Frameworks/JavaVM.framework/Frameworks/JavaRuntimeSupport.framework/JavaRuntimeSupport
0x0000000100be6000 	/System/Library/Frameworks/JavaVM.framework/Versions/A/Frameworks/JavaNativeFoundation.framework/Versions/A/JavaNativeFoundation
0x000000011e805000 	/System/Library/Frameworks/JavaVM.framework/Versions/A/JavaVM
0x0000000001d37000 	/System/Library/Frameworks/Carbon.framework/Versions/A/Carbon
0x000000011e812000 	/System/Library/PrivateFrameworks/JavaLaunching.framework/Versions/A/JavaLaunching
0x0000000001d37000 	/System/Library/Frameworks/Carbon.framework/Versions/A/Frameworks/CommonPanels.framework/Versions/A/CommonPanels
0x0000000001d37000 	/System/Library/Frameworks/Carbon.framework/Versions/A/Frameworks/Help.framework/Versions/A/Help
0x0000000001d37000 	/System/Library/Frameworks/Carbon.framework/Versions/A/Frameworks/ImageCapture.framework/Versions/A/ImageCapture
0x0000000001d37000 	/System/Library/Frameworks/Carbon.framework/Versions/A/Frameworks/OpenScripting.framework/Versions/A/OpenScripting
0x0000000001d37000 	/System/Library/Frameworks/Carbon.framework/Versions/A/Frameworks/Print.framework/Versions/A/Print
0x0000000001d37000 	/System/Library/Frameworks/Carbon.framework/Versions/A/Frameworks/SecurityHI.framework/Versions/A/SecurityHI
0x00000001208d8000 	/Library/Java/JavaVirtualMachines/jdk1.8.0_60.jdk/Contents/Home/jre/lib/libawt.dylib
0x0000000120980000 	/Library/Java/JavaVirtualMachines/jdk1.8.0_60.jdk/Contents/Home/jre/lib/./libmlib_image.dylib
0x0000000120a4c000 	/Library/Java/JavaVirtualMachines/jdk1.8.0_60.jdk/Contents/Home/jre/lib/libawt_lwawt.dylib
0x0000000120b01000 	/Library/Java/JavaVirtualMachines/jdk1.8.0_60.jdk/Contents/Home/jre/lib/./libosxapp.dylib
0x0000000001d37000 	/System/Library/Frameworks/ExceptionHandling.framework/Versions/A/ExceptionHandling
0x0000000001d37000 	/System/Library/PrivateFrameworks/CoreServicesInternal.framework/Versions/A/CoreServicesInternal
0x0000000001d37000 	/System/Library/PrivateFrameworks/CloudDocs.framework/Versions/A/CloudDocs
0x0000000001d37000 	/System/Library/PrivateFrameworks/CoreDuet.framework/Versions/A/CoreDuet
0x0000000001d37000 	/System/Library/Frameworks/CloudKit.framework/Versions/A/CloudKit
0x0000000001d37000 	/System/Library/PrivateFrameworks/ProtocolBuffer.framework/Versions/A/ProtocolBuffer
0x0000000001d37000 	/System/Library/PrivateFrameworks/CoreDuetDaemonProtocol.framework/Versions/A/CoreDuetDaemonProtocol
0x0000000001d37000 	/System/Library/PrivateFrameworks/CoreDuetDebugLogging.framework/Versions/A/CoreDuetDebugLogging
0x0000000001d37000 	/System/Library/PrivateFrameworks/MMCS.framework/Versions/A/MMCS
0x0000000001d37000 	/System/Library/Frameworks/CoreLocation.framework/Versions/A/CoreLocation
0x0000000001d37000 	/System/Library/PrivateFrameworks/ProtectedCloudStorage.framework/Versions/A/ProtectedCloudStorage
0x0000000001d37000 	/System/Library/PrivateFrameworks/GeoServices.framework/Versions/A/GeoServices
0x000000012208d000 	/System/Library/Frameworks/CoreGraphics.framework/Versions/A/Resources/libCGCMS.A.dylib
0x0000000122e70000 	/System/Library/Frameworks/CoreGraphics.framework/Versions/A/Resources/libRIP.A.dylib
0x00000001231b9000 	/System/Library/Frameworks/CoreGraphics.framework/Versions/A/Resources/libCGXType.A.dylib
0x0000000001d37000 	/System/Library/Frameworks/OpenCL.framework/Versions/A/Libraries/libcldcpuengine.dylib
0x0000000001d37000 	/System/Library/PrivateFrameworks/DiskImages.framework/Versions/A/DiskImages
0x0000000001d37000 	/System/Library/Frameworks/DiscRecording.framework/Versions/A/DiscRecording
0x0000000001d37000 	/usr/lib/libcsfde.dylib
0x0000000001d37000 	/usr/lib/libcurl.4.dylib
0x0000000001d37000 	/System/Library/PrivateFrameworks/MediaKit.framework/Versions/A/MediaKit
0x0000000001d37000 	/usr/lib/libCoreStorage.dylib
0x0000000001d37000 	/System/Library/PrivateFrameworks/EFILogin.framework/Versions/A/EFILogin
0x0000000001d37000 	/usr/lib/libutil.dylib
0x0000000001d37000 	/System/Library/PrivateFrameworks/FindMyDevice.framework/Versions/A/FindMyDevice
0x0000000001d37000 	/System/Library/Frameworks/LDAP.framework/Versions/A/LDAP
0x0000000001d37000 	/usr/lib/libsasl2.2.dylib
0x0000000001d37000 	/System/Library/PrivateFrameworks/CoreDaemon.framework/Versions/B/CoreDaemon
0x0000000001d37000 	/usr/lib/libcrypto.0.9.8.dylib
0x0000000001d37000 	/System/Library/PrivateFrameworks/AppleSRP.framework/Versions/A/AppleSRP
0x0000000001d37000 	/System/Library/PrivateFrameworks/TrustEvaluationAgent.framework/Versions/A/TrustEvaluationAgent
0x0000000123c2d000 	cl_kernels
0x0000000123c2f000 	/System/Library/Frameworks/OpenCL.framework/Versions/A/Libraries/ImageFormats/unorm8_bgra.dylib
0x0000000123c1f000 	cl_kernels
0x0000000001d37000 	/System/Library/PrivateFrameworks/FamilyControls.framework/Versions/A/FamilyControls
0x0000000001d37000 	/System/Library/PrivateFrameworks/CommerceKit.framework/Versions/A/Frameworks/CommerceCore.framework/Versions/A/CommerceCore
0x0000000001d37000 	/System/Library/PrivateFrameworks/SystemAdministration.framework/Versions/A/SystemAdministration
0x0000000001d37000 	/System/Library/PrivateFrameworks/AppContainer.framework/Versions/A/AppContainer
0x0000000001d37000 	/System/Library/PrivateFrameworks/SecCodeWrapper.framework/Versions/A/SecCodeWrapper
0x0000000001d37000 	/System/Library/Frameworks/DirectoryService.framework/Versions/A/DirectoryService
0x0000000001d37000 	/System/Library/PrivateFrameworks/LoginUIKit.framework/Versions/A/Frameworks/LoginUICore.framework/Versions/A/LoginUICore
0x0000000001d37000 	/usr/lib/libodfde.dylib
0x0000000125260000 	/System/Library/Frameworks/OpenGL.framework/Resources/GLEngine.bundle/GLEngine
0x0000000001d37000 	/System/Library/Frameworks/OpenGL.framework/Versions/A/Libraries/libGLProgrammability.dylib
0x000000012544b000 	/System/Library/Extensions/AppleIntelHD5000GraphicsGLDriver.bundle/Contents/MacOS/AppleIntelHD5000GraphicsGLDriver
0x0000000001d37000 	/System/Library/PrivateFrameworks/IOAccelerator.framework/Versions/A/IOAccelerator
0x0000000001d37000 	/System/Library/PrivateFrameworks/GPUSupport.framework/Versions/A/Libraries/libGPUSupportMercury.dylib
0x0000000000000000 	/System/Library/Extensions/GeForceGLDriver.bundle/Contents/MacOS/GeForceGLDriver
0x0000000001d37000 	/System/Library/Extensions/GeForceGLDriver.bundle/Contents/MacOS/libclh.dylib
0x0000000125f31000 	/System/Library/Frameworks/OpenGL.framework/Resources//GLRendererFloat.bundle/GLRendererFloat
0x0000000126f0d000 	/Library/Java/JavaVirtualMachines/jdk1.8.0_60.jdk/Contents/Home/jre/lib/libfontmanager.dylib
0x0000000126f74000 	/Library/Java/JavaVirtualMachines/jdk1.8.0_60.jdk/Contents/Home/jre/lib/libosxui.dylib
0x0000000128008000 	/Library/Java/JavaVirtualMachines/jdk1.8.0_60.jdk/Contents/Home/jre/lib/libnet.dylib
0x0000000128067000 	/Library/Java/JavaVirtualMachines/jdk1.8.0_60.jdk/Contents/Home/jre/lib/libnio.dylib
0x0000000001d37000 	/System/Library/Frameworks/ApplicationServices.framework/Versions/A/Frameworks/ATS.framework/Versions/A/Resources/libTrueTypeScaler.dylib
0x0000000001d37000 	/System/Library/Frameworks/Accelerate.framework/Versions/A/Frameworks/vImage.framework/Versions/A/Libraries/libCGInterfaces.dylib
0x0000000189b1a000 	/Library/Java/JavaVirtualMachines/jdk1.8.0_60.jdk/Contents/Home/jre/lib/libsunec.dylib

VM Arguments:
jvm_args: -Dfile.encoding=UTF-8 
java_command: no.uio.ifi.management.ManagementFilteredSearch
java_class_path (initial): /Users/Zelus/Documents/INF5090-Current/youtubeDownloader/target/classes:/Applications/Development/Eclipse.app/Contents/Eclipse/plugins/org.junit_4.12.0.v201504281640/junit.jar:/Applications/Development/Eclipse.app/Contents/Eclipse/plugins/org.hamcrest.core_1.3.0.v201303031735.jar:/Users/Zelus/.m2/repository/com/google/apis/google-api-services-youtube/v3-rev149-1.18.0-rc/google-api-services-youtube-v3-rev149-1.18.0-rc.jar:/Users/Zelus/.m2/repository/com/google/api-client/google-api-client/1.18.0-rc/google-api-client-1.18.0-rc.jar:/Users/Zelus/.m2/repository/com/google/oauth-client/google-oauth-client/1.18.0-rc/google-oauth-client-1.18.0-rc.jar:/Users/Zelus/.m2/repository/com/google/apis/google-api-services-youtubeAnalytics/v1-rev24-1.17.0-rc/google-api-services-youtubeAnalytics-v1-rev24-1.17.0-rc.jar:/Users/Zelus/.m2/repository/org/codehaus/jackson/jackson-mapper-asl/1.9.4/jackson-mapper-asl-1.9.4.jar:/Users/Zelus/.m2/repository/org/codehaus/jackson/jackson-core-asl/1.9.4/jackson-core-asl-1.9.4.jar:/Users/Zelus/.m2/repository/com/google/http-client/google-http-client-jackson2/1.18.0-rc/google-http-client-jackson2-1.18.0-rc.jar:/Users/Zelus/.m2/repository/com/google/http-client/google-http-client/1.18.0-rc/google-http-client-1.18.0-rc.jar:/Users/Zelus/.m2/repository/com/google/code/findbugs/jsr305/1.3.9/jsr305-1.3.9.jar:/Users/Zelus/.m2/repository/org/apache/httpcomponents/httpclient/4.0.1/httpclient-4.0.1.jar:/Users/Zelus/.m2/repository/org/apache/httpcomponents/httpcore/4.0.1/httpcore-4.0.1.jar:/Users/Zelus/.m2/repository/commons-logging/commons-logging/1.1.1/commons-logging-1.1.1.jar:/Users/Zelus/.m2/repository/commons-codec/commons-codec/1.3/commons-codec-1.3.jar:/Users/Zelus/.m2/repository/com/fasterxml/jackson/core/jackson-core/2.1.3/jackson-core-2.1.3.jar:/Users/Zelus/.m2/repository/com/google/oauth-client/google-oauth-client-jetty/1.18.0-rc/google-oauth-client-jetty-1.18.0-rc.jar:/Users/Zelus/.m2/repository/com/google/oauth-client/
Launcher Type: SUN_STANDARD

Environment Variables:
PATH=/usr/bin:/bin:/usr/sbin:/sbin
SHELL=/bin/bash

Signal Handlers:
SIGSEGV: [libjvm.dylib+0x5a6d31], sa_mask[0]=11111111011111110111111111111111, sa_flags=SA_ONSTACK|SA_RESTART|SA_SIGINFO
SIGBUS: [libjvm.dylib+0x5a6d31], sa_mask[0]=11111111011111110111111111111111, sa_flags=SA_RESTART|SA_SIGINFO
SIGFPE: [libjvm.dylib+0x480a4c], sa_mask[0]=11111111011111110111111111111111, sa_flags=SA_RESTART|SA_SIGINFO
SIGPIPE: [libjvm.dylib+0x480a4c], sa_mask[0]=11111111011111110111111111111111, sa_flags=SA_RESTART|SA_SIGINFO
SIGXFSZ: [libjvm.dylib+0x480a4c], sa_mask[0]=11111111011111110111111111111111, sa_flags=SA_RESTART|SA_SIGINFO
SIGILL: [libjvm.dylib+0x480a4c], sa_mask[0]=11111111011111110111111111111111, sa_flags=SA_RESTART|SA_SIGINFO
SIGUSR1: SIG_DFL, sa_mask[0]=00000000000000000000000000000000, sa_flags=none
SIGUSR2: [libjvm.dylib+0x48056a], sa_mask[0]=00100000000000000000000000000000, sa_flags=SA_RESTART|SA_SIGINFO
SIGHUP: [libjvm.dylib+0x47eb41], sa_mask[0]=11111111011111110111111111111111, sa_flags=SA_RESTART|SA_SIGINFO
SIGINT: [libjvm.dylib+0x47eb41], sa_mask[0]=11111111011111110111111111111111, sa_flags=SA_RESTART|SA_SIGINFO
SIGTERM: [libjvm.dylib+0x47eb41], sa_mask[0]=11111111011111110111111111111111, sa_flags=SA_RESTART|SA_SIGINFO
SIGQUIT: [libjvm.dylib+0x47eb41], sa_mask[0]=11111111011111110111111111111111, sa_flags=SA_RESTART|SA_SIGINFO


---------------  S Y S T E M  ---------------

OS:Bsduname:Darwin 14.5.0 Darwin Kernel Version 14.5.0: Tue Sep  1 21:23:09 PDT 2015; root:xnu-2782.50.1~1/RELEASE_X86_64 x86_64
rlimit: STACK 8192k, CORE 0k, NPROC 709, NOFILE 10240, AS infinity
load average:2.05 2.18 2.18

CPU:total 8 (4 cores per cpu, 2 threads per core) family 6 model 70 stepping 1, cmov, cx8, fxsr, mmx, sse, sse2, sse3, ssse3, sse4.1, sse4.2, popcnt, avx, avx2, aes, clmul, erms, rtm, lzcnt, ht, tsc, tscinvbit, bmi1, bmi2

Memory: 4k page, physical 16777216k(2673164k free)

/proc/meminfo:


vm_info: Java HotSpot(TM) 64-Bit Server VM (25.60-b23) for bsd-amd64 JRE (1.8.0_60-b27), built on Aug  4 2015 10:47:24 by "java_re" with gcc 4.2.1 (Based on Apple Inc. build 5658) (LLVM build 2336.11.00)

time: Tue Oct 27 10:57:22 2015
elapsed time: 2977 seconds (0d 0h 49m 37s)

